<?xml version="1.0" encoding="utf-8"?>
<TestRun id="154f1c30-c513-4d13-add8-47ce85139cd6" name="Y@DESKTOP-3D19UGQ 2026-07-20 11:28:29" runUser="DESKTOP-3D19UGQ\Y" xmlns="http://microsoft.com/schemas/VisualStudio/TeamTest/2010">
  <Times creation="2026-07-20T11:28:29.0210186+08:00" queuing="2026-07-20T11:28:29.0210190+08:00" start="2026-07-20T11:28:27.7105895+08:00" finish="2026-07-20T11:28:35.8037178+08:00" />
  <TestSettings name="default" id="aad926e7-d3eb-4d40-b6f8-29a433194372">
    <Deployment runDeploymentRoot="Y_DESKTOP-3D19UGQ_2026-07-20_11_28_29" />
  </TestSettings>
  <Results>
    <UnitTestResult executionId="2e809c49-42be-452a-b5cb-7165c238b6d1" testId="5336cb23-dbbf-67fc-2a29-309425ee85e6" testName="YLproxy.Tests.PreFlightTests.AutoStartService_SetAutoStart_Enable_WithFakePath_ShouldNotThrow" computerName="DESKTOP-3D19UGQ" duration="00:00:00.0029736" startTime="2026-07-20T11:28:28.9682278+08:00" endTime="2026-07-20T11:28:28.9691633+08:00" testType="13cdc9d9-ddb5-4fa4-a97d-d965ccfc6d4b" outcome="Passed" testListId="8c84fa94-04c1-424b-9868-57a2d4851a1d" relativeResultsDirectory="2e809c49-42be-452a-b5cb-7165c238b6d1" />
    <UnitTestResult executionId="0093c81d-202f-4496-aeca-89c3f40566f7" testId="97a723a2-4d1e-d256-7959-28ac644bc419" testName="YLproxy.Tests.ProxyTesterTests.HttpRequestException_ShouldReturnConnectionFailed" computerName="DESKTOP-3D19UGQ" duration="00:00:00.0015797" startTime="2026-07-20T11:28:35.6913180+08:00" endTime="2026-07-20T11:28:35.6928106+08:00" testType="13cdc9d9-ddb5-4fa4-a97d-d965ccfc6d4b" outcome="Passed" testListId="8c84fa94-04c1-424b-9868-57a2d4851a1d" relativeResultsDirectory="0093c81d-202f-4496-aeca-89c3f40566f7" />
    <UnitTestResult executionId="fa0640ec-e5a0-4116-835d-6cf195f4e56a" testId="74985861-fba1-cc3f-7060-de8b720dcf8c" testName="YLproxy.Tests.ConfigurationContractTests.GlobalConfigService_ShouldRejectNonCanonicalSettingsPaths" computerName="DESKTOP-3D19UGQ" duration="00:00:00.0036471" startTime="2026-07-20T11:28:28.9000684+08:00" endTime="2026-07-20T11:28:28.9684013+08:00" testType="13cdc9d9-ddb5-4fa4-a97d-d965ccfc6d4b" outcome="Passed" testListId="8c84fa94-04c1-424b-9868-57a2d4851a1d" relativeResultsDirectory="fa0640ec-e5a0-4116-835d-6cf195f4e56a" />
    <UnitTestResult executionId="aaa7c604-b717-42d6-93f6-4b70ea3437c5" testId="92aa3c05-7c14-0753-4ebc-9f4cf169a726" testName="YLproxy.Tests.ProxyTesterTests.CancellationRequested_ShouldReturnCancelled" computerName="DESKTOP-3D19UGQ" duration="00:00:00.0010460" startTime="2026-07-20T11:28:29.5072783+08:00" endTime="2026-07-20T11:28:29.5082771+08:00" testType="13cdc9d9-ddb5-4fa4-a97d-d965ccfc6d4b" outcome="Passed" testListId="8c84fa94-04c1-424b-9868-57a2d4851a1d" relativeResultsDirectory="aaa7c604-b717-42d6-93f6-4b70ea3437c5" />
    <UnitTestResult executionId="872b1ae6-915e-4f60-b11e-62f6bfcb424f" testId="73fbf664-a05b-2b53-1a7a-015846a8b37b" testName="YLproxy.Tests.LoggingAndMonitorTests.FileLogger_RetentionZero_ShouldNotDeleteCurrentDay" computerName="DESKTOP-3D19UGQ" duration="00:00:00.0040343" startTime="2026-07-20T11:28:28.9657273+08:00" endTime="2026-07-20T11:28:28.9694905+08:00" testType="13cdc9d9-ddb5-4fa4-a97d-d965ccfc6d4b" outcome="Passed" testListId="8c84fa94-04c1-424b-9868-57a2d4851a1d" relativeResultsDirectory="872b1ae6-915e-4f60-b11e-62f6bfcb424f" />
    <UnitTestResult executionId="43208159-6697-42f1-a23e-1edc19cfc3e2" testId="68c1c369-5c85-ed45-4b45-06d63034fa47" testName="YLproxy.Tests.ProxyDataServiceTests.Load_WhenFileDoesNotExist_ShouldReturnEmptyAndCreateFile" computerName="DESKTOP-3D19UGQ" duration="00:00:00.0023376" startTime="2026-07-20T11:28:29.1254434+08:00" endTime="2026-07-20T11:28:29.1280377+08:00" testType="13cdc9d9-ddb5-4fa4-a97d-d965ccfc6d4b" outcome="Passed" testListId="8c84fa94-04c1-424b-9868-57a2d4851a1d" relativeResultsDirectory="43208159-6697-42f1-a23e-1edc19cfc3e2" />
    <UnitTestResult executionId="c3c9d4d7-b3ae-4c2a-85dd-fa5232f140c9" testId="0cdae2b9-4b67-aa67-ec7d-2d391cd872cb" testName="YLproxy.Tests.MonitorServiceTests.MonitorTick_WhenProcessNotRunning_ShouldMarkFailedAndInvokeRestartAndSave" computerName="DESKTOP-3D19UGQ" duration="00:00:00.4382584" startTime="2026-07-20T11:28:30.6651138+08:00" endTime="2026-07-20T11:28:31.1582782+08:00" testType="13cdc9d9-ddb5-4fa4-a97d-d965ccfc6d4b" outcome="Passed" testListId="8c84fa94-04c1-424b-9868-57a2d4851a1d" relativeResultsDirectory="c3c9d4d7-b3ae-4c2a-85dd-fa5232f140c9" />
    <UnitTestResult executionId="82ea4f86-6528-4170-9cd5-d3a18c8043e6" testId="87d51647-9ebb-e6a7-3266-97078d4a4201" testName="YLproxy.Tests.PreFlightTests.PreFlight_Run_ShouldReturnPassedFalseOrTrue_ButNeverThrow" computerName="DESKTOP-3D19UGQ" duration="00:00:00.0709820" startTime="2026-07-20T11:28:28.9746497+08:00" endTime="2026-07-20T11:28:28.9759052+08:00" testType="13cdc9d9-ddb5-4fa4-a97d-d965ccfc6d4b" outcome="Passed" testListId="8c84fa94-04c1-424b-9868-57a2d4851a1d" relativeResultsDirectory="82ea4f86-6528-4170-9cd5-d3a18c8043e6" />
    <UnitTestResult executionId="677d3ea6-5b02-427a-b692-76a722c5b457" testId="bf3a43d0-56eb-0f7c-96c2-322311bfcb4a" testName="YLproxy.Tests.ApiIntegrationTests.GetProxyById_ShouldReturnProxy" computerName="DESKTOP-3D19UGQ" duration="00:00:00.0612689" startTime="2026-07-20T11:28:31.1737890+08:00" endTime="2026-07-20T11:28:31.2549085+08:00" testType="13cdc9d9-ddb5-4fa4-a97d-d965ccfc6d4b" outcome="Passed" testListId="8c84fa94-04c1-424b-9868-57a2d4851a1d" relativeResultsDirectory="677d3ea6-5b02-427a-b692-76a722c5b457" />
    <UnitTestResult executionId="4df4551f-e9af-4051-8089-69d00b87fd20" testId="0b8d8956-c0de-c56c-25ce-6a2036b921a0" testName="YLproxy.Tests.LoggingAndMonitorTests.FileLogger_ShouldFilterByMinLevel" computerName="DESKTOP-3D19UGQ" duration="00:00:00.0536978" startTime="2026-07-20T11:28:29.2111481+08:00" endTime="2026-07-20T11:28:29.2650624+08:00" testType="13cdc9d9-ddb5-4fa4-a97d-d965ccfc6d4b" outcome="Passed" testListId="8c84fa94-04c1-424b-9868-57a2d4851a1d" relativeResultsDirectory="4df4551f-e9af-4051-8089-69d00b87fd20" />
    <UnitTestResult executionId="16b19c99-9a0c-4b26-a041-c15587bf278a" testId="a1e88b16-6e76-f21d-43d4-fb0f22c1e34d" testName="YLproxy.Tests.ProxyTesterTests.AuthIncomplete_ShouldReturnAuthIncomplete" computerName="DESKTOP-3D19UGQ" duration="00:00:03.1026347" startTime="2026-07-20T11:28:32.5687603+08:00" endTime="2026-07-20T11:28:35.6869926+08:00" testType="13cdc9d9-ddb5-4fa4-a97d-d965ccfc6d4b" outcome="Passed" testListId="8c84fa94-04c1-424b-9868-57a2d4851a1d" relativeResultsDirectory="16b19c99-9a0c-4b26-a041-c15587bf278a" />
    <UnitTestResult executionId="07b6a52e-4308-475d-84d4-339724080e15" testId="0d1b56bf-b099-331a-8d64-6b89d0a3f257" testName="YLproxy.Tests.MonitorServiceTests.MonitorTick_WhenHealthPortUnreachable_ShouldMarkFailedAndInvokeRestart" computerName="DESKTOP-3D19UGQ" duration="00:00:00.5985203" startTime="2026-07-20T11:28:28.9751250+08:00" endTime="2026-07-20T11:28:29.5036773+08:00" testType="13cdc9d9-ddb5-4fa4-a97d-d965ccfc6d4b" outcome="Passed" testListId="8c84fa94-04c1-424b-9868-57a2d4851a1d" relativeResultsDirectory="07b6a52e-4308-475d-84d4-339724080e15" />
    <UnitTestResult executionId="0e2ce2d2-230e-4726-a49c-f93f9e815912" testId="3f878f5e-dbf1-738e-bc65-deaf9dacc6b6" testName="YLproxy.Tests.LoggingAndMonitorTests.SimpleRetryShouldThrowAggregateExceptionAfterMaxAttempts" computerName="DESKTOP-3D19UGQ" duration="00:00:00.0314171" startTime="2026-07-20T11:28:28.9698075+08:00" endTime="2026-07-20T11:28:28.9751616+08:00" testType="13cdc9d9-ddb5-4fa4-a97d-d965ccfc6d4b" outcome="Passed" testListId="8c84fa94-04c1-424b-9868-57a2d4851a1d" relativeResultsDirectory="0e2ce2d2-230e-4726-a49c-f93f9e815912" />
    <UnitTestResult executionId="42af477f-fbb1-4673-add4-1c1479ecacab" testId="d9c8d68b-3172-a871-b2d7-2e81f0ec299d" testName="YLproxy.Tests.ApiIntegrationTests.ProtectedEndpoint_ShouldRejectWithoutAuth" computerName="DESKTOP-3D19UGQ" duration="00:00:00.0693739" startTime="2026-07-20T11:28:29.9568585+08:00" endTime="2026-07-20T11:28:30.1051244+08:00" testType="13cdc9d9-ddb5-4fa4-a97d-d965ccfc6d4b" outcome="Passed" testListId="8c84fa94-04c1-424b-9868-57a2d4851a1d" relativeResultsDirectory="42af477f-fbb1-4673-add4-1c1479ecacab" />
    <UnitTestResult executionId="b050f905-771b-492f-8376-e550d36848c0" testId="02539ef4-2d16-29cb-1f05-177eccc94c20" testName="YLproxy.Tests.ProxyTesterTests.Timeout_ShouldReturnTimeoutError" computerName="DESKTOP-3D19UGQ" duration="00:00:00.2770006" startTime="2026-07-20T11:28:28.8385886+08:00" endTime="2026-07-20T11:28:29.2065872+08:00" testType="13cdc9d9-ddb5-4fa4-a97d-d965ccfc6d4b" outcome="Passed" testListId="8c84fa94-04c1-424b-9868-57a2d4851a1d" relativeResultsDirectory="b050f905-771b-492f-8376-e550d36848c0" />
    <UnitTestResult executionId="fd6021ae-a8e0-41d6-991e-867e3e851498" testId="354b4abc-99a1-e15a-2500-85f3f9f3b8bc" testName="YLproxy.Tests.PreFlightTests.PreFlightResult_Passed_DefaultsToFalse" computerName="DESKTOP-3D19UGQ" duration="00:00:00.0012515" startTime="2026-07-20T11:28:28.9000430+08:00" endTime="2026-07-20T11:28:28.9658342+08:00" testType="13cdc9d9-ddb5-4fa4-a97d-d965ccfc6d4b" outcome="Passed" testListId="8c84fa94-04c1-424b-9868-57a2d4851a1d" relativeResultsDirectory="fd6021ae-a8e0-41d6-991e-867e3e851498" />
    <UnitTestResult executionId="df8fdc3d-8a8b-4d11-8f00-bc66c82d6a88" testId="b8ae3c1b-acf2-94d1-6df6-a6171cf87bd9" testName="YLproxy.Tests.MonitorServiceTests.TryAutoRestart_WhenBackoffNotExceeded_ShouldSkipRestart" computerName="DESKTOP-3D19UGQ" duration="00:00:00.2409842" startTime="2026-07-20T11:28:32.0344439+08:00" endTime="2026-07-20T11:28:32.2877755+08:00" testType="13cdc9d9-ddb5-4fa4-a97d-d965ccfc6d4b" outcome="Passed" testListId="8c84fa94-04c1-424b-9868-57a2d4851a1d" relativeResultsDirectory="df8fdc3d-8a8b-4d11-8f00-bc66c82d6a88" />
    <UnitTestResult executionId="b20b853a-bbe1-47c9-b52c-fd924e361ffe" testId="ab86af9e-934c-0e27-b065-6ce1052eb2e3" testName="YLproxy.Tests.ApiIntegrationTests.ProtectedEndpoint_ShouldRejectWithInvalidToken" computerName="DESKTOP-3D19UGQ" duration="00:00:00.0808905" startTime="2026-07-20T11:28:30.7421017+08:00" endTime="2026-07-20T11:28:31.1734156+08:00" testType="13cdc9d9-ddb5-4fa4-a97d-d965ccfc6d4b" outcome="Passed" testListId="8c84fa94-04c1-424b-9868-57a2d4851a1d" relativeResultsDirectory="b20b853a-bbe1-47c9-b52c-fd924e361ffe" />
    <UnitTestResult executionId="ff6476c3-e8c7-446b-ace6-7b1e34e034d7" testId="8aa5c1eb-fe53-b064-ab4e-4f0deb2fb192" testName="YLproxy.Tests.MonitorServiceTests.TryAutoRestart_WhenMaxAttemptsExceeded_ShouldGiveUp" computerName="DESKTOP-3D19UGQ" duration="00:00:00.2756222" startTime="2026-07-20T11:28:29.8872532+08:00" endTime="2026-07-20T11:28:30.1648294+08:00" testType="13cdc9d9-ddb5-4fa4-a97d-d965ccfc6d4b" outcome="Passed" testListId="8c84fa94-04c1-424b-9868-57a2d4851a1d" relativeResultsDirectory="ff6476c3-e8c7-446b-ace6-7b1e34e034d7" />
    <UnitTestResult executionId="cd1b179d-881e-4e32-8d94-f81a7faeaf0c" testId="de110a7d-4293-3f3d-55bb-fab7ad2f4a9a" testName="YLproxy.Tests.LoggingAndMonitorTests.FileLoggerShouldHandleLogDirectoryCreationFailure" computerName="DESKTOP-3D19UGQ" duration="00:00:00.0020052" startTime="2026-07-20T11:28:29.2091289+08:00" endTime="2026-07-20T11:28:29.2107940+08:00" testType="13cdc9d9-ddb5-4fa4-a97d-d965ccfc6d4b" outcome="Passed" testListId="8c84fa94-04c1-424b-9868-57a2d4851a1d" relativeResultsDirectory="cd1b179d-881e-4e32-8d94-f81a7faeaf0c" />
    <UnitTestResult executionId="822a8d22-9e03-4d68-82dc-f37318cff140" testId="ee6f1289-91ae-2c17-4dc5-d8c6a62f5662" testName="YLproxy.Tests.ApiIntegrationTests.HealthEndpoint_ShouldReturnOkWithoutAuth" computerName="DESKTOP-3D19UGQ" duration="00:00:00.0409081" startTime="2026-07-20T11:28:30.3384513+08:00" endTime="2026-07-20T11:28:30.4020533+08:00" testType="13cdc9d9-ddb5-4fa4-a97d-d965ccfc6d4b" outcome="Passed" testListId="8c84fa94-04c1-424b-9868-57a2d4851a1d" relativeResultsDirectory="822a8d22-9e03-4d68-82dc-f37318cff140" />
    <UnitTestResult executionId="a9e2d129-ce40-4e1d-a481-a81293c6bfd6" testId="f312ed8e-8923-8efb-c1c1-e86c7db55c6b" testName="YLproxy.Tests.PreFlightTests.PreFlightResult_CanSetPassedProgrammatically" computerName="DESKTOP-3D19UGQ" duration="00:00:00.0001340" startTime="2026-07-20T11:28:28.9770080+08:00" endTime="2026-07-20T11:28:28.9770594+08:00" testType="13cdc9d9-ddb5-4fa4-a97d-d965ccfc6d4b" outcome="Passed" testListId="8c84fa94-04c1-424b-9868-57a2d4851a1d" relativeResultsDirectory="a9e2d129-ce40-4e1d-a481-a81293c6bfd6" />
    <UnitTestResult executionId="22e14eb8-6239-4b7a-91da-29f6c0e6b7a0" testId="a8402b37-b976-1d90-848d-aebfad1ec83f" testName="YLproxy.Tests.LoggingAndMonitorTests.MonitorServiceShouldContinueAfterProcessInspectionFailures" computerName="DESKTOP-3D19UGQ" duration="00:00:00.2331661" startTime="2026-07-20T11:28:28.9755218+08:00" endTime="2026-07-20T11:28:29.2088252+08:00" testType="13cdc9d9-ddb5-4fa4-a97d-d965ccfc6d4b" outcome="Passed" testListId="8c84fa94-04c1-424b-9868-57a2d4851a1d" relativeResultsDirectory="22e14eb8-6239-4b7a-91da-29f6c0e6b7a0" />
    <UnitTestResult executionId="33d83361-eb0f-474c-ad82-cd36f113bc9a" testId="ec7ca27a-2fbc-484b-f7f8-1205d7c99e31" testName="YLproxy.Tests.ProxyDataServiceTests.Constructor_RelativePath_ShouldResolve" computerName="DESKTOP-3D19UGQ" duration="00:00:00.0004588" startTime="2026-07-20T11:28:29.4544398+08:00" endTime="2026-07-20T11:28:29.4545013+08:00" testType="13cdc9d9-ddb5-4fa4-a97d-d965ccfc6d4b" outcome="Passed" testListId="8c84fa94-04c1-424b-9868-57a2d4851a1d" relativeResultsDirectory="33d83361-eb0f-474c-ad82-cd36f113bc9a" />
    <UnitTestResult executionId="ab6b4d89-7a76-400f-bb74-94080712fc02" testId="f1e0db1c-12d4-6373-ea7d-379608fbc1eb" testName="YLproxy.Tests.ConfigurationContractTests.AppSettings_ShouldUseTheCanonicalDirectoriesAndValues" computerName="DESKTOP-3D19UGQ" duration="00:00:00.0102130" startTime="2026-07-20T11:28:28.9748394+08:00" endTime="2026-07-20T11:28:28.9748957+08:00" testType="13cdc9d9-ddb5-4fa4-a97d-d965ccfc6d4b" outcome="Passed" testListId="8c84fa94-04c1-424b-9868-57a2d4851a1d" relativeResultsDirectory="ab6b4d89-7a76-400f-bb74-94080712fc02" />
    <UnitTestResult executionId="75e87639-5d87-436f-9b5d-8234c385fef7" testId="97c52eab-9d3e-ed2f-f80f-8b510ef66ee5" testName="YLproxy.Tests.ProxyDataServiceTests.Save_ShouldCreateFile" computerName="DESKTOP-3D19UGQ" duration="00:00:00.0161076" startTime="2026-07-20T11:28:29.1299633+08:00" endTime="2026-07-20T11:28:29.1510562+08:00" testType="13cdc9d9-ddb5-4fa4-a97d-d965ccfc6d4b" outcome="Passed" testListId="8c84fa94-04c1-424b-9868-57a2d4851a1d" relativeResultsDirectory="75e87639-5d87-436f-9b5d-8234c385fef7" />
    <UnitTestResult executionId="fc916d75-0a80-424a-b701-6639fe7b4c7b" testId="ce25168b-7b23-4aee-6529-5a219b698afa" testName="YLproxy.Tests.ProxyTesterTests.Success_ShouldReturnSuccess" computerName="DESKTOP-3D19UGQ" duration="00:00:00.0022688" startTime="2026-07-20T11:28:32.5657296+08:00" endTime="2026-07-20T11:28:32.5684982+08:00" testType="13cdc9d9-ddb5-4fa4-a97d-d965ccfc6d4b" outcome="Passed" testListId="8c84fa94-04c1-424b-9868-57a2d4851a1d" relativeResultsDirectory="fc916d75-0a80-424a-b701-6639fe7b4c7b" />
    <UnitTestResult executionId="ef65a92f-4c9b-4cf0-855d-1458d901dd5f" testId="cd8849cc-a4de-743e-67e5-7ed07520e775" testName="YLproxy.Tests.LoggingAndMonitorTests.SimpleRetryShouldRetryOnTransientFailure" computerName="DESKTOP-3D19UGQ" duration="00:00:00.0522259" startTime="2026-07-20T11:28:29.3140045+08:00" endTime="2026-07-20T11:28:29.3717297+08:00" testType="13cdc9d9-ddb5-4fa4-a97d-d965ccfc6d4b" outcome="Passed" testListId="8c84fa94-04c1-424b-9868-57a2d4851a1d" relativeResultsDirectory="ef65a92f-4c9b-4cf0-855d-1458d901dd5f" />
    <UnitTestResult executionId="7d422ce9-4744-4caa-967e-d08ea9803460" testId="d25ca1f6-3dd1-f844-e0c9-c6c4d3000e77" testName="YLproxy.Tests.ProxyTesterTests.HostEmpty_ShouldReturnHostEmpty" computerName="DESKTOP-3D19UGQ" duration="00:00:03.0412924" startTime="2026-07-20T11:28:29.5094645+08:00" endTime="2026-07-20T11:28:32.5653244+08:00" testType="13cdc9d9-ddb5-4fa4-a97d-d965ccfc6d4b" outcome="Passed" testListId="8c84fa94-04c1-424b-9868-57a2d4851a1d" relativeResultsDirectory="7d422ce9-4744-4caa-967e-d08ea9803460" />
    <UnitTestResult executionId="e84e6233-0a83-4fba-a71d-17b9c26cfd4e" testId="47906d29-845d-3c6f-20cd-868221aa2232" testName="YLproxy.Tests.ApiIntegrationTests.GetProxies_ShouldReturnAll" computerName="DESKTOP-3D19UGQ" duration="00:00:00.0479052" startTime="2026-07-20T11:28:30.4023569+08:00" endTime="2026-07-20T11:28:30.4961259+08:00" testType="13cdc9d9-ddb5-4fa4-a97d-d965ccfc6d4b" outcome="Passed" testListId="8c84fa94-04c1-424b-9868-57a2d4851a1d" relativeResultsDirectory="e84e6233-0a83-4fba-a71d-17b9c26cfd4e" />
    <UnitTestResult executionId="b6ea7ae8-79ff-4550-a14a-c1441e1ff58c" testId="45608705-9c49-f3e0-77f8-be034c5cc548" testName="YLproxy.Tests.MonitorServiceTests.IsRunningThrows_ShouldSkipProxyAndContinue" computerName="DESKTOP-3D19UGQ" duration="00:00:00.1469563" startTime="2026-07-20T11:28:30.3977960+08:00" endTime="2026-07-20T11:28:30.6642588+08:00" testType="13cdc9d9-ddb5-4fa4-a97d-d965ccfc6d4b" outcome="Passed" testListId="8c84fa94-04c1-424b-9868-57a2d4851a1d" relativeResultsDirectory="b6ea7ae8-79ff-4550-a14a-c1441e1ff58c" />
    <UnitTestResult executionId="46ce5d0a-cca6-47e1-b191-51076556d418" testId="2f132857-66c4-7a3c-4ce3-a94ba2411159" testName="YLproxy.Tests.LoggingAndMonitorTests.ProxyProcessManagerStopShouldNotThrowWhenNoProcess" computerName="DESKTOP-3D19UGQ" duration="00:00:00.0021459" startTime="2026-07-20T11:28:29.3062083+08:00" endTime="2026-07-20T11:28:29.3081671+08:00" testType="13cdc9d9-ddb5-4fa4-a97d-d965ccfc6d4b" outcome="Passed" testListId="8c84fa94-04c1-424b-9868-57a2d4851a1d" relativeResultsDirectory="46ce5d0a-cca6-47e1-b191-51076556d418" />
    <UnitTestResult executionId="edc0a140-d63a-4358-bdb3-147a4195eb9c" testId="67367d2e-22f4-e12f-6a68-7d8cb30c79c4" testName="YLproxy.Tests.PreFlightTests.AutoStartService_SetAutoStart_DisableDoesNotThrow" computerName="DESKTOP-3D19UGQ" duration="00:00:00.0004911" startTime="2026-07-20T11:28:28.9699931+08:00" endTime="2026-07-20T11:28:28.9700282+08:00" testType="13cdc9d9-ddb5-4fa4-a97d-d965ccfc6d4b" outcome="Passed" testListId="8c84fa94-04c1-424b-9868-57a2d4851a1d" relativeResultsDirectory="edc0a140-d63a-4358-bdb3-147a4195eb9c" />
    <UnitTestResult executionId="a7e27cc1-f2a4-4928-b595-e6a90a6566e6" testId="5c53d2c3-6aa1-752a-3246-4d3f2bb6815e" testName="YLproxy.Tests.ProxyDataServiceTests.LoadAsync_ShouldWork" computerName="DESKTOP-3D19UGQ" duration="00:00:00.1463581" startTime="2026-07-20T11:28:28.9778328+08:00" endTime="2026-07-20T11:28:29.1238287+08:00" testType="13cdc9d9-ddb5-4fa4-a97d-d965ccfc6d4b" outcome="Passed" testListId="8c84fa94-04c1-424b-9868-57a2d4851a1d" relativeResultsDirectory="a7e27cc1-f2a4-4928-b595-e6a90a6566e6" />
    <UnitTestResult executionId="2f6f8624-1af1-4d5c-85f5-39d754075b02" testId="758e685b-2dc3-9e55-8c8e-e5a80e161e89" testName="YLproxy.Tests.RealProxyEndToEndTests.FullEndToEnd_WithFiveRealProxies" computerName="DESKTOP-3D19UGQ" duration="00:00:00.7469189" startTime="2026-07-20T11:28:28.8356628+08:00" endTime="2026-07-20T11:28:29.9134868+08:00" testType="13cdc9d9-ddb5-4fa4-a97d-d965ccfc6d4b" outcome="Passed" testListId="8c84fa94-04c1-424b-9868-57a2d4851a1d" relativeResultsDirectory="2f6f8624-1af1-4d5c-85f5-39d754075b02" />
    <UnitTestResult executionId="52f2234e-00e1-471e-a938-c8e81643a159" testId="02ddf837-4ef2-3ad7-7fcf-b13580809d66" testName="YLproxy.Tests.MonitorServiceTests.ResetBackoff_ShouldAllowRestartAfterReset" computerName="DESKTOP-3D19UGQ" duration="00:00:00.8745591" startTime="2026-07-20T11:28:31.1586553+08:00" endTime="2026-07-20T11:28:32.0339677+08:00" testType="13cdc9d9-ddb5-4fa4-a97d-d965ccfc6d4b" outcome="Passed" testListId="8c84fa94-04c1-424b-9868-57a2d4851a1d" relativeResultsDirectory="52f2234e-00e1-471e-a938-c8e81643a159" />
    <UnitTestResult executionId="cd45ba5c-d8a6-4fdb-8aaa-93e681a4537e" testId="471d0b13-28e7-0ff2-2bfa-d92d9d5fccb2" testName="YLproxy.Tests.MonitorServiceTests.MonitorTick_WhenGetProxiesThrows_DoesNotThrow" computerName="DESKTOP-3D19UGQ" duration="00:00:00.3792273" startTime="2026-07-20T11:28:29.5040231+08:00" endTime="2026-07-20T11:28:29.8868076+08:00" testType="13cdc9d9-ddb5-4fa4-a97d-d965ccfc6d4b" outcome="Passed" testListId="8c84fa94-04c1-424b-9868-57a2d4851a1d" relativeResultsDirectory="cd45ba5c-d8a6-4fdb-8aaa-93e681a4537e" />
    <UnitTestResult executionId="d90c255c-ddfc-4510-b055-eebda14a73d7" testId="8f7d0bc8-34c6-4fdc-f821-13c43fb7d404" testName="YLproxy.Tests.ProxyDataServiceTests.SaveAsync_ShouldWork" computerName="DESKTOP-3D19UGQ" duration="00:00:00.1957295" startTime="2026-07-20T11:28:29.1513663+08:00" endTime="2026-07-20T11:28:29.4533259+08:00" testType="13cdc9d9-ddb5-4fa4-a97d-d965ccfc6d4b" outcome="Passed" testListId="8c84fa94-04c1-424b-9868-57a2d4851a1d" relativeResultsDirectory="d90c255c-ddfc-4510-b055-eebda14a73d7" />
    <UnitTestResult executionId="81188b10-877d-4e30-a35c-44177acc611f" testId="29340ccc-48ab-b1c7-e119-d7588d3e691a" testName="YLproxy.Tests.LoggingAndMonitorTests.FileLoggerShouldRemoveExpiredLogFilesAndKeepRecentFiles" computerName="DESKTOP-3D19UGQ" duration="00:00:00.0054560" startTime="2026-07-20T11:28:29.3096190+08:00" endTime="2026-07-20T11:28:29.3137873+08:00" testType="13cdc9d9-ddb5-4fa4-a97d-d965ccfc6d4b" outcome="Passed" testListId="8c84fa94-04c1-424b-9868-57a2d4851a1d" relativeResultsDirectory="81188b10-877d-4e30-a35c-44177acc611f" />
    <UnitTestResult executionId="a24cd030-c9ea-4a16-b1c9-d86e10ab7538" testId="5c4f7b36-db29-fa0f-9128-1a5aa8e9aff0" testName="YLproxy.Tests.ProxyDataServiceTests.Constructor_WithEmptyPath_ShouldThrow" computerName="DESKTOP-3D19UGQ" duration="00:00:00.0004112" startTime="2026-07-20T11:28:29.4535942+08:00" endTime="2026-07-20T11:28:29.4538207+08:00" testType="13cdc9d9-ddb5-4fa4-a97d-d965ccfc6d4b" outcome="Passed" testListId="8c84fa94-04c1-424b-9868-57a2d4851a1d" relativeResultsDirectory="a24cd030-c9ea-4a16-b1c9-d86e10ab7538" />
    <UnitTestResult executionId="ca1ceae2-c4d1-42b6-a2be-c241e1476880" testId="4315055b-f5c0-fffa-eaef-3b6d0d3b824f" testName="YLproxy.Tests.ProxyIntegrationTests.ProxyProcess_ShouldForwardThroughAuthenticatedHttpParentAndCleanConfig" computerName="DESKTOP-3D19UGQ" duration="00:00:02.2446352" startTime="2026-07-20T11:28:28.9758399+08:00" endTime="2026-07-20T11:28:31.2022715+08:00" testType="13cdc9d9-ddb5-4fa4-a97d-d965ccfc6d4b" outcome="Failed" testListId="8c84fa94-04c1-424b-9868-57a2d4851a1d" relativeResultsDirectory="ca1ceae2-c4d1-42b6-a2be-c241e1476880">
      <Output>
        <ErrorInfo>
          <Message>System.InvalidOperationException : 3proxy exited during startup with code 1.</Message>
          <StackTrace>   at YLproxy.Proxy.ProxyProcessManager.WaitForPort(Process process, Int32 port, TimeSpan timeout) in /workspaces/YLproxy/src/YLproxy.Proxy/ProxyProcessManager.cs:line 449&#xD;
   at YLproxy.Proxy.ProxyProcessManager.Start(ProxyItem proxy) in /workspaces/YLproxy/src/YLproxy.Proxy/ProxyProcessManager.cs:line 282&#xD;
   at YLproxy.Tests.ProxyIntegrationTests.ProxyProcess_ShouldForwardThroughAuthenticatedHttpParentAndCleanConfig() in /workspaces/YLproxy/tests/ProxyIntegrationTests.cs:line 54&#xD;
   at YLproxy.Tests.ProxyIntegrationTests.ProxyProcess_ShouldForwardThroughAuthenticatedHttpParentAndCleanConfig() in /workspaces/YLproxy/tests/ProxyIntegrationTests.cs:line 100&#xD;
--- End of stack trace from previous location ---</StackTrace>
        </ErrorInfo>
      </Output>
    </UnitTestResult>
    <UnitTestResult executionId="4f5c599c-1e0d-46a4-bf8b-b8f7e61c6675" testId="9d8dc667-b886-ddd8-a651-62640b0bbe28" testName="YLproxy.Tests.ConfigurationContractTests.RuntimePaths_ShouldResolveToCanonicalDirectories" computerName="DESKTOP-3D19UGQ" duration="00:00:00.0092336" startTime="2026-07-20T11:28:28.9691112+08:00" endTime="2026-07-20T11:28:28.9746892+08:00" testType="13cdc9d9-ddb5-4fa4-a97d-d965ccfc6d4b" outcome="Passed" testListId="8c84fa94-04c1-424b-9868-57a2d4851a1d" relativeResultsDirectory="4f5c599c-1e0d-46a4-bf8b-b8f7e61c6675" />
    <UnitTestResult executionId="96fa2ef3-9cdc-45d6-9669-307ecae9778f" testId="8136c8ed-f0e7-a8d3-e7fe-a8c83d5a7e4a" testName="YLproxy.Tests.LoggingAndMonitorTests.CleanupOldLogs_ShouldHandleLockedFile_Gracefully" computerName="DESKTOP-3D19UGQ" duration="00:00:00.0156975" startTime="2026-07-20T11:28:28.8386234+08:00" endTime="2026-07-20T11:28:28.9001555+08:00" testType="13cdc9d9-ddb5-4fa4-a97d-d965ccfc6d4b" outcome="Passed" testListId="8c84fa94-04c1-424b-9868-57a2d4851a1d" relativeResultsDirectory="96fa2ef3-9cdc-45d6-9669-307ecae9778f" />
    <UnitTestResult executionId="1a9af04a-bc77-4296-937e-4c33339c718b" testId="00353506-ebb3-14e3-c63b-8e9f4692eaa4" testName="YLproxy.Tests.PreFlightTests.PreFlightResult_Defaults_HaveEmptyCollections" computerName="DESKTOP-3D19UGQ" duration="00:00:00.0057860" startTime="2026-07-20T11:28:28.9694086+08:00" endTime="2026-07-20T11:28:28.9698472+08:00" testType="13cdc9d9-ddb5-4fa4-a97d-d965ccfc6d4b" outcome="Passed" testListId="8c84fa94-04c1-424b-9868-57a2d4851a1d" relativeResultsDirectory="1a9af04a-bc77-4296-937e-4c33339c718b" />
    <UnitTestResult executionId="0c3b9065-535c-49c5-ae9f-6392b3cbf667" testId="9e88b76f-a638-fa2a-6d99-77776293907d" testName="YLproxy.Tests.PathResolverTests.AppSettings_ShouldBeValidJsonAtRepositoryRoot" computerName="DESKTOP-3D19UGQ" duration="00:00:00.0111264" startTime="2026-07-20T11:28:28.8384106+08:00" endTime="2026-07-20T11:28:28.8924324+08:00" testType="13cdc9d9-ddb5-4fa4-a97d-d965ccfc6d4b" outcome="Passed" testListId="8c84fa94-04c1-424b-9868-57a2d4851a1d" relativeResultsDirectory="0c3b9065-535c-49c5-ae9f-6392b3cbf667" />
    <UnitTestResult executionId="39fd29ae-1867-429b-8c85-a382e82d5c5d" testId="c5a3a030-ab56-e0d9-f262-aafcd957956a" testName="YLproxy.Tests.ProxyTesterTests.GenericException_ShouldReturnConnectionFailed" computerName="DESKTOP-3D19UGQ" duration="00:00:00.0026281" startTime="2026-07-20T11:28:35.6894088+08:00" endTime="2026-07-20T11:28:35.6910680+08:00" testType="13cdc9d9-ddb5-4fa4-a97d-d965ccfc6d4b" outcome="Passed" testListId="8c84fa94-04c1-424b-9868-57a2d4851a1d" relativeResultsDirectory="39fd29ae-1867-429b-8c85-a382e82d5c5d" />
    <UnitTestResult executionId="04b943a2-d45f-4d52-87ee-ff0b422f24b4" testId="6eaac380-92a2-f432-8fea-be8ce51bb631" testName="YLproxy.Tests.ApiIntegrationTests.Stats_ShouldReturnCounts" computerName="DESKTOP-3D19UGQ" duration="00:00:00.1005481" startTime="2026-07-20T11:28:30.1054261+08:00" endTime="2026-07-20T11:28:30.2278959+08:00" testType="13cdc9d9-ddb5-4fa4-a97d-d965ccfc6d4b" outcome="Passed" testListId="8c84fa94-04c1-424b-9868-57a2d4851a1d" relativeResultsDirectory="04b943a2-d45f-4d52-87ee-ff0b422f24b4" />
    <UnitTestResult executionId="26423181-27b1-461b-be59-22723470a614" testId="c454d929-6488-f80f-eaa2-7c2a65b733b3" testName="YLproxy.Tests.ProxyDataServiceTests.Save_NullConfig_ShouldThrow" computerName="DESKTOP-3D19UGQ" duration="00:00:00.0013887" startTime="2026-07-20T11:28:28.9772384+08:00" endTime="2026-07-20T11:28:28.9772739+08:00" testType="13cdc9d9-ddb5-4fa4-a97d-d965ccfc6d4b" outcome="Passed" testListId="8c84fa94-04c1-424b-9868-57a2d4851a1d" relativeResultsDirectory="26423181-27b1-461b-be59-22723470a614" />
    <UnitTestResult executionId="9d05cd4f-b980-42a4-814b-99bf2a7a5f09" testId="aea36272-b509-d894-18c4-43ba6346e50a" testName="YLproxy.Tests.ConfigurationContractTests.ProxyDataService_ShouldRejectNonCanonicalDataPaths" computerName="DESKTOP-3D19UGQ" duration="00:00:00.0004573" startTime="2026-07-20T11:28:28.9687462+08:00" endTime="2026-07-20T11:28:28.9688881+08:00" testType="13cdc9d9-ddb5-4fa4-a97d-d965ccfc6d4b" outcome="Passed" testListId="8c84fa94-04c1-424b-9868-57a2d4851a1d" relativeResultsDirectory="9d05cd4f-b980-42a4-814b-99bf2a7a5f09" />
    <UnitTestResult executionId="791ac9d2-17af-40b2-bf6c-8411753d63e8" testId="f69df54e-4b6d-ee58-116a-e9108954b9ac" testName="YLproxy.Tests.ProxyDataServiceTests.Constructor_WithNullPath_ShouldThrow" computerName="DESKTOP-3D19UGQ" duration="00:00:00.0138953" startTime="2026-07-20T11:28:28.9773658+08:00" endTime="2026-07-20T11:28:28.9777455+08:00" testType="13cdc9d9-ddb5-4fa4-a97d-d965ccfc6d4b" outcome="Passed" testListId="8c84fa94-04c1-424b-9868-57a2d4851a1d" relativeResultsDirectory="791ac9d2-17af-40b2-bf6c-8411753d63e8" />
    <UnitTestResult executionId="b2b6a959-29ba-462d-bdc1-9252bfdd5b62" testId="e607a565-635a-fb3b-880f-b74f4cdcc262" testName="YLproxy.Tests.ProxyTesterTests.MaxRetriesExceeded_ShouldReturnLastError" computerName="DESKTOP-3D19UGQ" duration="00:00:00.2963740" startTime="2026-07-20T11:28:29.2071276+08:00" endTime="2026-07-20T11:28:29.5070482+08:00" testType="13cdc9d9-ddb5-4fa4-a97d-d965ccfc6d4b" outcome="Passed" testListId="8c84fa94-04c1-424b-9868-57a2d4851a1d" relativeResultsDirectory="b2b6a959-29ba-462d-bdc1-9252bfdd5b62" />
    <UnitTestResult executionId="b18ecb81-c5b9-47dd-8708-3cca0b169c7c" testId="bdd059ba-4cd8-70dc-38a5-3fea6ab982a3" testName="YLproxy.Tests.SecurityServiceTests.DpapiSecurityService_ShouldRoundTripWithoutStoringPlaintext" computerName="DESKTOP-3D19UGQ" duration="00:00:00.0149583" startTime="2026-07-20T11:28:28.9777104+08:00" endTime="2026-07-20T11:28:28.9778664+08:00" testType="13cdc9d9-ddb5-4fa4-a97d-d965ccfc6d4b" outcome="Passed" testListId="8c84fa94-04c1-424b-9868-57a2d4851a1d" relativeResultsDirectory="b18ecb81-c5b9-47dd-8708-3cca0b169c7c" />
    <UnitTestResult executionId="7dbb9108-9b76-43cb-8d5d-08815ae112c0" testId="4915002f-a9f0-514d-1f00-ba3bcbfe8c32" testName="YLproxy.Tests.LoggingAndMonitorTests.FileLogger_ShouldIncludeException_StackTrace" computerName="DESKTOP-3D19UGQ" duration="00:00:00.0410732" startTime="2026-07-20T11:28:29.2653366+08:00" endTime="2026-07-20T11:28:29.3059264+08:00" testType="13cdc9d9-ddb5-4fa4-a97d-d965ccfc6d4b" outcome="Passed" testListId="8c84fa94-04c1-424b-9868-57a2d4851a1d" relativeResultsDirectory="7dbb9108-9b76-43cb-8d5d-08815ae112c0" />
    <UnitTestResult executionId="7de96d3d-7c47-4765-a55e-3eda694762ec" testId="9841ec29-ae45-fe08-4384-e16231996476" testName="YLproxy.Tests.MonitorServiceTests.TryAutoRestart_WhenRestartActionThrows_ShouldSetStatusFailed" computerName="DESKTOP-3D19UGQ" duration="00:00:00.2242149" startTime="2026-07-20T11:28:30.1651837+08:00" endTime="2026-07-20T11:28:30.3965492+08:00" testType="13cdc9d9-ddb5-4fa4-a97d-d965ccfc6d4b" outcome="Passed" testListId="8c84fa94-04c1-424b-9868-57a2d4851a1d" relativeResultsDirectory="7de96d3d-7c47-4765-a55e-3eda694762ec" />
    <UnitTestResult executionId="445de592-94f3-49b7-8d93-9003396071fb" testId="e0a65761-aaae-0579-9ea7-8c291405a75f" testName="YLproxy.Tests.PathResolverTests.ResolvePath_ShouldReturnExistingRepositoryPaths" computerName="DESKTOP-3D19UGQ" duration="00:00:00.0025449" startTime="2026-07-20T11:28:28.8938034+08:00" endTime="2026-07-20T11:28:28.8956154+08:00" testType="13cdc9d9-ddb5-4fa4-a97d-d965ccfc6d4b" outcome="Passed" testListId="8c84fa94-04c1-424b-9868-57a2d4851a1d" relativeResultsDirectory="445de592-94f3-49b7-8d93-9003396071fb" />
    <UnitTestResult executionId="b6d6872f-0fc8-43f0-85e6-dabed61161d9" testId="2d0b5281-51b2-f604-aa4a-71f9db9655e2" testName="YLproxy.Tests.ApiIntegrationTests.DeleteProxy_ShouldRemove" computerName="DESKTOP-3D19UGQ" duration="00:00:00.1673228" startTime="2026-07-20T11:28:30.4965451+08:00" endTime="2026-07-20T11:28:30.7404932+08:00" testType="13cdc9d9-ddb5-4fa4-a97d-d965ccfc6d4b" outcome="Passed" testListId="8c84fa94-04c1-424b-9868-57a2d4851a1d" relativeResultsDirectory="b6d6872f-0fc8-43f0-85e6-dabed61161d9" />
    <UnitTestResult executionId="fd6bc629-d7f0-4704-a77f-9323143d0ff0" testId="9f855add-1867-2966-3a11-b9e7304d1813" testName="YLproxy.Tests.SecurityServiceTests.DpapiSecurityService_ShouldRejectMalformedProtectedPayload" computerName="DESKTOP-3D19UGQ" duration="00:00:00.0007360" startTime="2026-07-20T11:28:28.9775785+08:00" endTime="2026-07-20T11:28:28.9776146+08:00" testType="13cdc9d9-ddb5-4fa4-a97d-d965ccfc6d4b" outcome="Passed" testListId="8c84fa94-04c1-424b-9868-57a2d4851a1d" relativeResultsDirectory="fd6bc629-d7f0-4704-a77f-9323143d0ff0" />
    <UnitTestResult executionId="50e10140-310a-4986-b3fe-53fb996802d9" testId="c1295dee-0650-1d7c-df47-69ffb997bb34" testName="YLproxy.Tests.UnitTest1.Test1" computerName="DESKTOP-3D19UGQ" duration="00:00:00.0034443" startTime="2026-07-20T11:28:28.8385370+08:00" endTime="2026-07-20T11:28:28.8549411+08:00" testType="13cdc9d9-ddb5-4fa4-a97d-d965ccfc6d4b" outcome="Passed" testListId="8c84fa94-04c1-424b-9868-57a2d4851a1d" relativeResultsDirectory="50e10140-310a-4986-b3fe-53fb996802d9" />
    <UnitTestResult executionId="f4178cdc-fe66-4729-9609-9b969e03e486" testId="35e35cf6-2ab3-1439-eb92-597bbf55238a" testName="YLproxy.Tests.SecurityServiceTests.ProxyDataSerializer_ShouldMigrateLegacyCredentials" computerName="DESKTOP-3D19UGQ" duration="00:00:00.0559093" startTime="2026-07-20T11:28:28.9756887+08:00" endTime="2026-07-20T11:28:28.9774015+08:00" testType="13cdc9d9-ddb5-4fa4-a97d-d965ccfc6d4b" outcome="Passed" testListId="8c84fa94-04c1-424b-9868-57a2d4851a1d" relativeResultsDirectory="f4178cdc-fe66-4729-9609-9b969e03e486" />
    <UnitTestResult executionId="0563cee8-a967-484e-8e30-eb1599eebd57" testId="7a5f0016-3982-e625-ea81-8e64bf7b2f8c" testName="YLproxy.Tests.ApiIntegrationTests.AddProxy_ShouldCreateNew" computerName="DESKTOP-3D19UGQ" duration="00:00:00.7685338" startTime="2026-07-20T11:28:28.8386570+08:00" endTime="2026-07-20T11:28:29.9562888+08:00" testType="13cdc9d9-ddb5-4fa4-a97d-d965ccfc6d4b" outcome="Passed" testListId="8c84fa94-04c1-424b-9868-57a2d4851a1d" relativeResultsDirectory="0563cee8-a967-484e-8e30-eb1599eebd57" />
    <UnitTestResult executionId="f15e8218-4a1a-41e1-b76f-d3c43e350d41" testId="e1da1a03-5335-8e2b-8876-2c9c70aeda2a" testName="YLproxy.Tests.PreFlightTests.AutoStartService_IsAutoStartEnabled_DoesNotThrow" computerName="DESKTOP-3D19UGQ" duration="00:00:00.0003428" startTime="2026-07-20T11:28:28.9743481+08:00" endTime="2026-07-20T11:28:28.9744085+08:00" testType="13cdc9d9-ddb5-4fa4-a97d-d965ccfc6d4b" outcome="Passed" testListId="8c84fa94-04c1-424b-9868-57a2d4851a1d" relativeResultsDirectory="f15e8218-4a1a-41e1-b76f-d3c43e350d41" />
    <UnitTestResult executionId="74c5fe54-68db-4766-a4bf-fcec4cb910b2" testId="aa5ebb5f-3a04-74b5-70e0-0bb44c8ed36d" testName="YLproxy.Tests.ApiIntegrationTests.GetProxyById_NotFound_ShouldReturn404" computerName="DESKTOP-3D19UGQ" duration="00:00:00.0798229" startTime="2026-07-20T11:28:30.2281298+08:00" endTime="2026-07-20T11:28:30.3379740+08:00" testType="13cdc9d9-ddb5-4fa4-a97d-d965ccfc6d4b" outcome="Passed" testListId="8c84fa94-04c1-424b-9868-57a2d4851a1d" relativeResultsDirectory="74c5fe54-68db-4766-a4bf-fcec4cb910b2" />
    <UnitTestResult executionId="4f13aaa2-7120-4df4-ab3d-df8f5ce8af8d" testId="fd531769-b1a4-0f62-cd1a-1b52c8af421e" testName="YLproxy.Tests.ProxyDataServiceTests.CredentialsResetDuringLoad_DefaultsToFalse" computerName="DESKTOP-3D19UGQ" duration="00:00:00.0003218" startTime="2026-07-20T11:28:29.1282978+08:00" endTime="2026-07-20T11:28:29.1283719+08:00" testType="13cdc9d9-ddb5-4fa4-a97d-d965ccfc6d4b" outcome="Passed" testListId="8c84fa94-04c1-424b-9868-57a2d4851a1d" relativeResultsDirectory="4f13aaa2-7120-4df4-ab3d-df8f5ce8af8d" />
  </Results>
  <TestDefinitions>
    <UnitTest name="YLproxy.Tests.ApiIntegrationTests.GetProxyById_NotFound_ShouldReturn404" storage="e:\gzq\ylxcx\ylproxy\tests\bin\debug\net10.0\ylproxy.tests.dll" id="aa5ebb5f-3a04-74b5-70e0-0bb44c8ed36d">
      <Execution id="74c5fe54-68db-4766-a4bf-fcec4cb910b2" />
      <TestMethod codeBase="E:\GZQ\YLXCX\YLproxy\tests\bin\Debug\net10.0\YLproxy.Tests.dll" adapterTypeName="executor://xunit/VsTestRunner3/netcore/" className="YLproxy.Tests.ApiIntegrationTests" name="GetProxyById_NotFound_ShouldReturn404" />
    </UnitTest>
    <UnitTest name="YLproxy.Tests.LoggingAndMonitorTests.FileLogger_RetentionZero_ShouldNotDeleteCurrentDay" storage="e:\gzq\ylxcx\ylproxy\tests\bin\debug\net10.0\ylproxy.tests.dll" id="73fbf664-a05b-2b53-1a7a-015846a8b37b">
      <Execution id="872b1ae6-915e-4f60-b11e-62f6bfcb424f" />
      <TestMethod codeBase="E:\GZQ\YLXCX\YLproxy\tests\bin\Debug\net10.0\YLproxy.Tests.dll" adapterTypeName="executor://xunit/VsTestRunner3/netcore/" className="YLproxy.Tests.LoggingAndMonitorTests" name="FileLogger_RetentionZero_ShouldNotDeleteCurrentDay" />
    </UnitTest>
    <UnitTest name="YLproxy.Tests.LoggingAndMonitorTests.MonitorServiceShouldContinueAfterProcessInspectionFailures" storage="e:\gzq\ylxcx\ylproxy\tests\bin\debug\net10.0\ylproxy.tests.dll" id="a8402b37-b976-1d90-848d-aebfad1ec83f">
      <Execution id="22e14eb8-6239-4b7a-91da-29f6c0e6b7a0" />
      <TestMethod codeBase="E:\GZQ\YLXCX\YLproxy\tests\bin\Debug\net10.0\YLproxy.Tests.dll" adapterTypeName="executor://xunit/VsTestRunner3/netcore/" className="YLproxy.Tests.LoggingAndMonitorTests" name="MonitorServiceShouldContinueAfterProcessInspectionFailures" />
    </UnitTest>
    <UnitTest name="YLproxy.Tests.MonitorServiceTests.MonitorTick_WhenProcessNotRunning_ShouldMarkFailedAndInvokeRestartAndSave" storage="e:\gzq\ylxcx\ylproxy\tests\bin\debug\net10.0\ylproxy.tests.dll" id="0cdae2b9-4b67-aa67-ec7d-2d391cd872cb">
      <Execution id="c3c9d4d7-b3ae-4c2a-85dd-fa5232f140c9" />
      <TestMethod codeBase="E:\GZQ\YLXCX\YLproxy\tests\bin\Debug\net10.0\YLproxy.Tests.dll" adapterTypeName="executor://xunit/VsTestRunner3/netcore/" className="YLproxy.Tests.MonitorServiceTests" name="MonitorTick_WhenProcessNotRunning_ShouldMarkFailedAndInvokeRestartAndSave" />
    </UnitTest>
    <UnitTest name="YLproxy.Tests.MonitorServiceTests.TryAutoRestart_WhenRestartActionThrows_ShouldSetStatusFailed" storage="e:\gzq\ylxcx\ylproxy\tests\bin\debug\net10.0\ylproxy.tests.dll" id="9841ec29-ae45-fe08-4384-e16231996476">
      <Execution id="7de96d3d-7c47-4765-a55e-3eda694762ec" />
      <TestMethod codeBase="E:\GZQ\YLXCX\YLproxy\tests\bin\Debug\net10.0\YLproxy.Tests.dll" adapterTypeName="executor://xunit/VsTestRunner3/netcore/" className="YLproxy.Tests.MonitorServiceTests" name="TryAutoRestart_WhenRestartActionThrows_ShouldSetStatusFailed" />
    </UnitTest>
    <UnitTest name="YLproxy.Tests.ProxyTesterTests.MaxRetriesExceeded_ShouldReturnLastError" storage="e:\gzq\ylxcx\ylproxy\tests\bin\debug\net10.0\ylproxy.tests.dll" id="e607a565-635a-fb3b-880f-b74f4cdcc262">
      <Execution id="b2b6a959-29ba-462d-bdc1-9252bfdd5b62" />
      <TestMethod codeBase="E:\GZQ\YLXCX\YLproxy\tests\bin\Debug\net10.0\YLproxy.Tests.dll" adapterTypeName="executor://xunit/VsTestRunner3/netcore/" className="YLproxy.Tests.ProxyTesterTests" name="MaxRetriesExceeded_ShouldReturnLastError" />
    </UnitTest>
    <UnitTest name="YLproxy.Tests.LoggingAndMonitorTests.CleanupOldLogs_ShouldHandleLockedFile_Gracefully" storage="e:\gzq\ylxcx\ylproxy\tests\bin\debug\net10.0\ylproxy.tests.dll" id="8136c8ed-f0e7-a8d3-e7fe-a8c83d5a7e4a">
      <Execution id="96fa2ef3-9cdc-45d6-9669-307ecae9778f" />
      <TestMethod codeBase="E:\GZQ\YLXCX\YLproxy\tests\bin\Debug\net10.0\YLproxy.Tests.dll" adapterTypeName="executor://xunit/VsTestRunner3/netcore/" className="YLproxy.Tests.LoggingAndMonitorTests" name="CleanupOldLogs_ShouldHandleLockedFile_Gracefully" />
    </UnitTest>
    <UnitTest name="YLproxy.Tests.MonitorServiceTests.TryAutoRestart_WhenBackoffNotExceeded_ShouldSkipRestart" storage="e:\gzq\ylxcx\ylproxy\tests\bin\debug\net10.0\ylproxy.tests.dll" id="b8ae3c1b-acf2-94d1-6df6-a6171cf87bd9">
      <Execution id="df8fdc3d-8a8b-4d11-8f00-bc66c82d6a88" />
      <TestMethod codeBase="E:\GZQ\YLXCX\YLproxy\tests\bin\Debug\net10.0\YLproxy.Tests.dll" adapterTypeName="executor://xunit/VsTestRunner3/netcore/" className="YLproxy.Tests.MonitorServiceTests" name="TryAutoRestart_WhenBackoffNotExceeded_ShouldSkipRestart" />
    </UnitTest>
    <UnitTest name="YLproxy.Tests.ProxyDataServiceTests.Load_WhenFileDoesNotExist_ShouldReturnEmptyAndCreateFile" storage="e:\gzq\ylxcx\ylproxy\tests\bin\debug\net10.0\ylproxy.tests.dll" id="68c1c369-5c85-ed45-4b45-06d63034fa47">
      <Execution id="43208159-6697-42f1-a23e-1edc19cfc3e2" />
      <TestMethod codeBase="E:\GZQ\YLXCX\YLproxy\tests\bin\Debug\net10.0\YLproxy.Tests.dll" adapterTypeName="executor://xunit/VsTestRunner3/netcore/" className="YLproxy.Tests.ProxyDataServiceTests" name="Load_WhenFileDoesNotExist_ShouldReturnEmptyAndCreateFile" />
    </UnitTest>
    <UnitTest name="YLproxy.Tests.ConfigurationContractTests.ProxyDataService_ShouldRejectNonCanonicalDataPaths" storage="e:\gzq\ylxcx\ylproxy\tests\bin\debug\net10.0\ylproxy.tests.dll" id="aea36272-b509-d894-18c4-43ba6346e50a">
      <Execution id="9d05cd4f-b980-42a4-814b-99bf2a7a5f09" />
      <TestMethod codeBase="E:\GZQ\YLXCX\YLproxy\tests\bin\Debug\net10.0\YLproxy.Tests.dll" adapterTypeName="executor://xunit/VsTestRunner3/netcore/" className="YLproxy.Tests.ConfigurationContractTests" name="ProxyDataService_ShouldRejectNonCanonicalDataPaths" />
    </UnitTest>
    <UnitTest name="YLproxy.Tests.SecurityServiceTests.ProxyDataSerializer_ShouldMigrateLegacyCredentials" storage="e:\gzq\ylxcx\ylproxy\tests\bin\debug\net10.0\ylproxy.tests.dll" id="35e35cf6-2ab3-1439-eb92-597bbf55238a">
      <Execution id="f4178cdc-fe66-4729-9609-9b969e03e486" />
      <TestMethod codeBase="E:\GZQ\YLXCX\YLproxy\tests\bin\Debug\net10.0\YLproxy.Tests.dll" adapterTypeName="executor://xunit/VsTestRunner3/netcore/" className="YLproxy.Tests.SecurityServiceTests" name="ProxyDataSerializer_ShouldMigrateLegacyCredentials" />
    </UnitTest>
    <UnitTest name="YLproxy.Tests.PreFlightTests.PreFlightResult_CanSetPassedProgrammatically" storage="e:\gzq\ylxcx\ylproxy\tests\bin\debug\net10.0\ylproxy.tests.dll" id="f312ed8e-8923-8efb-c1c1-e86c7db55c6b">
      <Execution id="a9e2d129-ce40-4e1d-a481-a81293c6bfd6" />
      <TestMethod codeBase="E:\GZQ\YLXCX\YLproxy\tests\bin\Debug\net10.0\YLproxy.Tests.dll" adapterTypeName="executor://xunit/VsTestRunner3/netcore/" className="YLproxy.Tests.PreFlightTests" name="PreFlightResult_CanSetPassedProgrammatically" />
    </UnitTest>
    <UnitTest name="YLproxy.Tests.PreFlightTests.PreFlightResult_Defaults_HaveEmptyCollections" storage="e:\gzq\ylxcx\ylproxy\tests\bin\debug\net10.0\ylproxy.tests.dll" id="00353506-ebb3-14e3-c63b-8e9f4692eaa4">
      <Execution id="1a9af04a-bc77-4296-937e-4c33339c718b" />
      <TestMethod codeBase="E:\GZQ\YLXCX\YLproxy\tests\bin\Debug\net10.0\YLproxy.Tests.dll" adapterTypeName="executor://xunit/VsTestRunner3/netcore/" className="YLproxy.Tests.PreFlightTests" name="PreFlightResult_Defaults_HaveEmptyCollections" />
    </UnitTest>
    <UnitTest name="YLproxy.Tests.ApiIntegrationTests.ProtectedEndpoint_ShouldRejectWithoutAuth" storage="e:\gzq\ylxcx\ylproxy\tests\bin\debug\net10.0\ylproxy.tests.dll" id="d9c8d68b-3172-a871-b2d7-2e81f0ec299d">
      <Execution id="42af477f-fbb1-4673-add4-1c1479ecacab" />
      <TestMethod codeBase="E:\GZQ\YLXCX\YLproxy\tests\bin\Debug\net10.0\YLproxy.Tests.dll" adapterTypeName="executor://xunit/VsTestRunner3/netcore/" className="YLproxy.Tests.ApiIntegrationTests" name="ProtectedEndpoint_ShouldRejectWithoutAuth" />
    </UnitTest>
    <UnitTest name="YLproxy.Tests.ProxyIntegrationTests.ProxyProcess_ShouldForwardThroughAuthenticatedHttpParentAndCleanConfig" storage="e:\gzq\ylxcx\ylproxy\tests\bin\debug\net10.0\ylproxy.tests.dll" id="4315055b-f5c0-fffa-eaef-3b6d0d3b824f">
      <Execution id="ca1ceae2-c4d1-42b6-a2be-c241e1476880" />
      <TestMethod codeBase="E:\GZQ\YLXCX\YLproxy\tests\bin\Debug\net10.0\YLproxy.Tests.dll" adapterTypeName="executor://xunit/VsTestRunner3/netcore/" className="YLproxy.Tests.ProxyIntegrationTests" name="ProxyProcess_ShouldForwardThroughAuthenticatedHttpParentAndCleanConfig" />
    </UnitTest>
    <UnitTest name="YLproxy.Tests.PreFlightTests.PreFlight_Run_ShouldReturnPassedFalseOrTrue_ButNeverThrow" storage="e:\gzq\ylxcx\ylproxy\tests\bin\debug\net10.0\ylproxy.tests.dll" id="87d51647-9ebb-e6a7-3266-97078d4a4201">
      <Execution id="82ea4f86-6528-4170-9cd5-d3a18c8043e6" />
      <TestMethod codeBase="E:\GZQ\YLXCX\YLproxy\tests\bin\Debug\net10.0\YLproxy.Tests.dll" adapterTypeName="executor://xunit/VsTestRunner3/netcore/" className="YLproxy.Tests.PreFlightTests" name="PreFlight_Run_ShouldReturnPassedFalseOrTrue_ButNeverThrow" />
    </UnitTest>
    <UnitTest name="YLproxy.Tests.LoggingAndMonitorTests.FileLoggerShouldHandleLogDirectoryCreationFailure" storage="e:\gzq\ylxcx\ylproxy\tests\bin\debug\net10.0\ylproxy.tests.dll" id="de110a7d-4293-3f3d-55bb-fab7ad2f4a9a">
      <Execution id="cd1b179d-881e-4e32-8d94-f81a7faeaf0c" />
      <TestMethod codeBase="E:\GZQ\YLXCX\YLproxy\tests\bin\Debug\net10.0\YLproxy.Tests.dll" adapterTypeName="executor://xunit/VsTestRunner3/netcore/" className="YLproxy.Tests.LoggingAndMonitorTests" name="FileLoggerShouldHandleLogDirectoryCreationFailure" />
    </UnitTest>
    <UnitTest name="YLproxy.Tests.ApiIntegrationTests.ProtectedEndpoint_ShouldRejectWithInvalidToken" storage="e:\gzq\ylxcx\ylproxy\tests\bin\debug\net10.0\ylproxy.tests.dll" id="ab86af9e-934c-0e27-b065-6ce1052eb2e3">
      <Execution id="b20b853a-bbe1-47c9-b52c-fd924e361ffe" />
      <TestMethod codeBase="E:\GZQ\YLXCX\YLproxy\tests\bin\Debug\net10.0\YLproxy.Tests.dll" adapterTypeName="executor://xunit/VsTestRunner3/netcore/" className="YLproxy.Tests.ApiIntegrationTests" name="ProtectedEndpoint_ShouldRejectWithInvalidToken" />
    </UnitTest>
    <UnitTest name="YLproxy.Tests.ApiIntegrationTests.DeleteProxy_ShouldRemove" storage="e:\gzq\ylxcx\ylproxy\tests\bin\debug\net10.0\ylproxy.tests.dll" id="2d0b5281-51b2-f604-aa4a-71f9db9655e2">
      <Execution id="b6d6872f-0fc8-43f0-85e6-dabed61161d9" />
      <TestMethod codeBase="E:\GZQ\YLXCX\YLproxy\tests\bin\Debug\net10.0\YLproxy.Tests.dll" adapterTypeName="executor://xunit/VsTestRunner3/netcore/" className="YLproxy.Tests.ApiIntegrationTests" name="DeleteProxy_ShouldRemove" />
    </UnitTest>
    <UnitTest name="YLproxy.Tests.SecurityServiceTests.DpapiSecurityService_ShouldRejectMalformedProtectedPayload" storage="e:\gzq\ylxcx\ylproxy\tests\bin\debug\net10.0\ylproxy.tests.dll" id="9f855add-1867-2966-3a11-b9e7304d1813">
      <Execution id="fd6bc629-d7f0-4704-a77f-9323143d0ff0" />
      <TestMethod codeBase="E:\GZQ\YLXCX\YLproxy\tests\bin\Debug\net10.0\YLproxy.Tests.dll" adapterTypeName="executor://xunit/VsTestRunner3/netcore/" className="YLproxy.Tests.SecurityServiceTests" name="DpapiSecurityService_ShouldRejectMalformedProtectedPayload" />
    </UnitTest>
    <UnitTest name="YLproxy.Tests.ApiIntegrationTests.GetProxies_ShouldReturnAll" storage="e:\gzq\ylxcx\ylproxy\tests\bin\debug\net10.0\ylproxy.tests.dll" id="47906d29-845d-3c6f-20cd-868221aa2232">
      <Execution id="e84e6233-0a83-4fba-a71d-17b9c26cfd4e" />
      <TestMethod codeBase="E:\GZQ\YLXCX\YLproxy\tests\bin\Debug\net10.0\YLproxy.Tests.dll" adapterTypeName="executor://xunit/VsTestRunner3/netcore/" className="YLproxy.Tests.ApiIntegrationTests" name="GetProxies_ShouldReturnAll" />
    </UnitTest>
    <UnitTest name="YLproxy.Tests.ProxyTesterTests.HttpRequestException_ShouldReturnConnectionFailed" storage="e:\gzq\ylxcx\ylproxy\tests\bin\debug\net10.0\ylproxy.tests.dll" id="97a723a2-4d1e-d256-7959-28ac644bc419">
      <Execution id="0093c81d-202f-4496-aeca-89c3f40566f7" />
      <TestMethod codeBase="E:\GZQ\YLXCX\YLproxy\tests\bin\Debug\net10.0\YLproxy.Tests.dll" adapterTypeName="executor://xunit/VsTestRunner3/netcore/" className="YLproxy.Tests.ProxyTesterTests" name="HttpRequestException_ShouldReturnConnectionFailed" />
    </UnitTest>
    <UnitTest name="YLproxy.Tests.ProxyTesterTests.Timeout_ShouldReturnTimeoutError" storage="e:\gzq\ylxcx\ylproxy\tests\bin\debug\net10.0\ylproxy.tests.dll" id="02539ef4-2d16-29cb-1f05-177eccc94c20">
      <Execution id="b050f905-771b-492f-8376-e550d36848c0" />
      <TestMethod codeBase="E:\GZQ\YLXCX\YLproxy\tests\bin\Debug\net10.0\YLproxy.Tests.dll" adapterTypeName="executor://xunit/VsTestRunner3/netcore/" className="YLproxy.Tests.ProxyTesterTests" name="Timeout_ShouldReturnTimeoutError" />
    </UnitTest>
    <UnitTest name="YLproxy.Tests.LoggingAndMonitorTests.ProxyProcessManagerStopShouldNotThrowWhenNoProcess" storage="e:\gzq\ylxcx\ylproxy\tests\bin\debug\net10.0\ylproxy.tests.dll" id="2f132857-66c4-7a3c-4ce3-a94ba2411159">
      <Execution id="46ce5d0a-cca6-47e1-b191-51076556d418" />
      <TestMethod codeBase="E:\GZQ\YLXCX\YLproxy\tests\bin\Debug\net10.0\YLproxy.Tests.dll" adapterTypeName="executor://xunit/VsTestRunner3/netcore/" className="YLproxy.Tests.LoggingAndMonitorTests" name="ProxyProcessManagerStopShouldNotThrowWhenNoProcess" />
    </UnitTest>
    <UnitTest name="YLproxy.Tests.MonitorServiceTests.ResetBackoff_ShouldAllowRestartAfterReset" storage="e:\gzq\ylxcx\ylproxy\tests\bin\debug\net10.0\ylproxy.tests.dll" id="02ddf837-4ef2-3ad7-7fcf-b13580809d66">
      <Execution id="52f2234e-00e1-471e-a938-c8e81643a159" />
      <TestMethod codeBase="E:\GZQ\YLXCX\YLproxy\tests\bin\Debug\net10.0\YLproxy.Tests.dll" adapterTypeName="executor://xunit/VsTestRunner3/netcore/" className="YLproxy.Tests.MonitorServiceTests" name="ResetBackoff_ShouldAllowRestartAfterReset" />
    </UnitTest>
    <UnitTest name="YLproxy.Tests.ConfigurationContractTests.RuntimePaths_ShouldResolveToCanonicalDirectories" storage="e:\gzq\ylxcx\ylproxy\tests\bin\debug\net10.0\ylproxy.tests.dll" id="9d8dc667-b886-ddd8-a651-62640b0bbe28">
      <Execution id="4f5c599c-1e0d-46a4-bf8b-b8f7e61c6675" />
      <TestMethod codeBase="E:\GZQ\YLXCX\YLproxy\tests\bin\Debug\net10.0\YLproxy.Tests.dll" adapterTypeName="executor://xunit/VsTestRunner3/netcore/" className="YLproxy.Tests.ConfigurationContractTests" name="RuntimePaths_ShouldResolveToCanonicalDirectories" />
    </UnitTest>
    <UnitTest name="YLproxy.Tests.PathResolverTests.AppSettings_ShouldBeValidJsonAtRepositoryRoot" storage="e:\gzq\ylxcx\ylproxy\tests\bin\debug\net10.0\ylproxy.tests.dll" id="9e88b76f-a638-fa2a-6d99-77776293907d">
      <Execution id="0c3b9065-535c-49c5-ae9f-6392b3cbf667" />
      <TestMethod codeBase="E:\GZQ\YLXCX\YLproxy\tests\bin\Debug\net10.0\YLproxy.Tests.dll" adapterTypeName="executor://xunit/VsTestRunner3/netcore/" className="YLproxy.Tests.PathResolverTests" name="AppSettings_ShouldBeValidJsonAtRepositoryRoot" />
    </UnitTest>
    <UnitTest name="YLproxy.Tests.LoggingAndMonitorTests.SimpleRetryShouldRetryOnTransientFailure" storage="e:\gzq\ylxcx\ylproxy\tests\bin\debug\net10.0\ylproxy.tests.dll" id="cd8849cc-a4de-743e-67e5-7ed07520e775">
      <Execution id="ef65a92f-4c9b-4cf0-855d-1458d901dd5f" />
      <TestMethod codeBase="E:\GZQ\YLXCX\YLproxy\tests\bin\Debug\net10.0\YLproxy.Tests.dll" adapterTypeName="executor://xunit/VsTestRunner3/netcore/" className="YLproxy.Tests.LoggingAndMonitorTests" name="SimpleRetryShouldRetryOnTransientFailure" />
    </UnitTest>
    <UnitTest name="YLproxy.Tests.RealProxyEndToEndTests.FullEndToEnd_WithFiveRealProxies" storage="e:\gzq\ylxcx\ylproxy\tests\bin\debug\net10.0\ylproxy.tests.dll" id="758e685b-2dc3-9e55-8c8e-e5a80e161e89">
      <Execution id="2f6f8624-1af1-4d5c-85f5-39d754075b02" />
      <TestMethod codeBase="E:\GZQ\YLXCX\YLproxy\tests\bin\Debug\net10.0\YLproxy.Tests.dll" adapterTypeName="executor://xunit/VsTestRunner3/netcore/" className="YLproxy.Tests.RealProxyEndToEndTests" name="FullEndToEnd_WithFiveRealProxies" />
    </UnitTest>
    <UnitTest name="YLproxy.Tests.ConfigurationContractTests.GlobalConfigService_ShouldRejectNonCanonicalSettingsPaths" storage="e:\gzq\ylxcx\ylproxy\tests\bin\debug\net10.0\ylproxy.tests.dll" id="74985861-fba1-cc3f-7060-de8b720dcf8c">
      <Execution id="fa0640ec-e5a0-4116-835d-6cf195f4e56a" />
      <TestMethod codeBase="E:\GZQ\YLXCX\YLproxy\tests\bin\Debug\net10.0\YLproxy.Tests.dll" adapterTypeName="executor://xunit/VsTestRunner3/netcore/" className="YLproxy.Tests.ConfigurationContractTests" name="GlobalConfigService_ShouldRejectNonCanonicalSettingsPaths" />
    </UnitTest>
    <UnitTest name="YLproxy.Tests.LoggingAndMonitorTests.SimpleRetryShouldThrowAggregateExceptionAfterMaxAttempts" storage="e:\gzq\ylxcx\ylproxy\tests\bin\debug\net10.0\ylproxy.tests.dll" id="3f878f5e-dbf1-738e-bc65-deaf9dacc6b6">
      <Execution id="0e2ce2d2-230e-4726-a49c-f93f9e815912" />
      <TestMethod codeBase="E:\GZQ\YLXCX\YLproxy\tests\bin\Debug\net10.0\YLproxy.Tests.dll" adapterTypeName="executor://xunit/VsTestRunner3/netcore/" className="YLproxy.Tests.LoggingAndMonitorTests" name="SimpleRetryShouldThrowAggregateExceptionAfterMaxAttempts" />
    </UnitTest>
    <UnitTest name="YLproxy.Tests.UnitTest1.Test1" storage="e:\gzq\ylxcx\ylproxy\tests\bin\debug\net10.0\ylproxy.tests.dll" id="c1295dee-0650-1d7c-df47-69ffb997bb34">
      <Execution id="50e10140-310a-4986-b3fe-53fb996802d9" />
      <TestMethod codeBase="E:\GZQ\YLXCX\YLproxy\tests\bin\Debug\net10.0\YLproxy.Tests.dll" adapterTypeName="executor://xunit/VsTestRunner3/netcore/" className="YLproxy.Tests.UnitTest1" name="Test1" />
    </UnitTest>
    <UnitTest name="YLproxy.Tests.ProxyTesterTests.HostEmpty_ShouldReturnHostEmpty" storage="e:\gzq\ylxcx\ylproxy\tests\bin\debug\net10.0\ylproxy.tests.dll" id="d25ca1f6-3dd1-f844-e0c9-c6c4d3000e77">
      <Execution id="7d422ce9-4744-4caa-967e-d08ea9803460" />
      <TestMethod codeBase="E:\GZQ\YLXCX\YLproxy\tests\bin\Debug\net10.0\YLproxy.Tests.dll" adapterTypeName="executor://xunit/VsTestRunner3/netcore/" className="YLproxy.Tests.ProxyTesterTests" name="HostEmpty_ShouldReturnHostEmpty" />
    </UnitTest>
    <UnitTest name="YLproxy.Tests.LoggingAndMonitorTests.FileLoggerShouldRemoveExpiredLogFilesAndKeepRecentFiles" storage="e:\gzq\ylxcx\ylproxy\tests\bin\debug\net10.0\ylproxy.tests.dll" id="29340ccc-48ab-b1c7-e119-d7588d3e691a">
      <Execution id="81188b10-877d-4e30-a35c-44177acc611f" />
      <TestMethod codeBase="E:\GZQ\YLXCX\YLproxy\tests\bin\Debug\net10.0\YLproxy.Tests.dll" adapterTypeName="executor://xunit/VsTestRunner3/netcore/" className="YLproxy.Tests.LoggingAndMonitorTests" name="FileLoggerShouldRemoveExpiredLogFilesAndKeepRecentFiles" />
    </UnitTest>
    <UnitTest name="YLproxy.Tests.ProxyDataServiceTests.Save_ShouldCreateFile" storage="e:\gzq\ylxcx\ylproxy\tests\bin\debug\net10.0\ylproxy.tests.dll" id="97c52eab-9d3e-ed2f-f80f-8b510ef66ee5">
      <Execution id="75e87639-5d87-436f-9b5d-8234c385fef7" />
      <TestMethod codeBase="E:\GZQ\YLXCX\YLproxy\tests\bin\Debug\net10.0\YLproxy.Tests.dll" adapterTypeName="executor://xunit/VsTestRunner3/netcore/" className="YLproxy.Tests.ProxyDataServiceTests" name="Save_ShouldCreateFile" />
    </UnitTest>
    <UnitTest name="YLproxy.Tests.ProxyDataServiceTests.Constructor_RelativePath_ShouldResolve" storage="e:\gzq\ylxcx\ylproxy\tests\bin\debug\net10.0\ylproxy.tests.dll" id="ec7ca27a-2fbc-484b-f7f8-1205d7c99e31">
      <Execution id="33d83361-eb0f-474c-ad82-cd36f113bc9a" />
      <TestMethod codeBase="E:\GZQ\YLXCX\YLproxy\tests\bin\Debug\net10.0\YLproxy.Tests.dll" adapterTypeName="executor://xunit/VsTestRunner3/netcore/" className="YLproxy.Tests.ProxyDataServiceTests" name="Constructor_RelativePath_ShouldResolve" />
    </UnitTest>
    <UnitTest name="YLproxy.Tests.ProxyDataServiceTests.Constructor_WithNullPath_ShouldThrow" storage="e:\gzq\ylxcx\ylproxy\tests\bin\debug\net10.0\ylproxy.tests.dll" id="f69df54e-4b6d-ee58-116a-e9108954b9ac">
      <Execution id="791ac9d2-17af-40b2-bf6c-8411753d63e8" />
      <TestMethod codeBase="E:\GZQ\YLXCX\YLproxy\tests\bin\Debug\net10.0\YLproxy.Tests.dll" adapterTypeName="executor://xunit/VsTestRunner3/netcore/" className="YLproxy.Tests.ProxyDataServiceTests" name="Constructor_WithNullPath_ShouldThrow" />
    </UnitTest>
    <UnitTest name="YLproxy.Tests.PreFlightTests.AutoStartService_SetAutoStart_Enable_WithFakePath_ShouldNotThrow" storage="e:\gzq\ylxcx\ylproxy\tests\bin\debug\net10.0\ylproxy.tests.dll" id="5336cb23-dbbf-67fc-2a29-309425ee85e6">
      <Execution id="2e809c49-42be-452a-b5cb-7165c238b6d1" />
      <TestMethod codeBase="E:\GZQ\YLXCX\YLproxy\tests\bin\Debug\net10.0\YLproxy.Tests.dll" adapterTypeName="executor://xunit/VsTestRunner3/netcore/" className="YLproxy.Tests.PreFlightTests" name="AutoStartService_SetAutoStart_Enable_WithFakePath_ShouldNotThrow" />
    </UnitTest>
    <UnitTest name="YLproxy.Tests.ApiIntegrationTests.Stats_ShouldReturnCounts" storage="e:\gzq\ylxcx\ylproxy\tests\bin\debug\net10.0\ylproxy.tests.dll" id="6eaac380-92a2-f432-8fea-be8ce51bb631">
      <Execution id="04b943a2-d45f-4d52-87ee-ff0b422f24b4" />
      <TestMethod codeBase="E:\GZQ\YLXCX\YLproxy\tests\bin\Debug\net10.0\YLproxy.Tests.dll" adapterTypeName="executor://xunit/VsTestRunner3/netcore/" className="YLproxy.Tests.ApiIntegrationTests" name="Stats_ShouldReturnCounts" />
    </UnitTest>
    <UnitTest name="YLproxy.Tests.MonitorServiceTests.TryAutoRestart_WhenMaxAttemptsExceeded_ShouldGiveUp" storage="e:\gzq\ylxcx\ylproxy\tests\bin\debug\net10.0\ylproxy.tests.dll" id="8aa5c1eb-fe53-b064-ab4e-4f0deb2fb192">
      <Execution id="ff6476c3-e8c7-446b-ace6-7b1e34e034d7" />
      <TestMethod codeBase="E:\GZQ\YLXCX\YLproxy\tests\bin\Debug\net10.0\YLproxy.Tests.dll" adapterTypeName="executor://xunit/VsTestRunner3/netcore/" className="YLproxy.Tests.MonitorServiceTests" name="TryAutoRestart_WhenMaxAttemptsExceeded_ShouldGiveUp" />
    </UnitTest>
    <UnitTest name="YLproxy.Tests.MonitorServiceTests.MonitorTick_WhenGetProxiesThrows_DoesNotThrow" storage="e:\gzq\ylxcx\ylproxy\tests\bin\debug\net10.0\ylproxy.tests.dll" id="471d0b13-28e7-0ff2-2bfa-d92d9d5fccb2">
      <Execution id="cd45ba5c-d8a6-4fdb-8aaa-93e681a4537e" />
      <TestMethod codeBase="E:\GZQ\YLXCX\YLproxy\tests\bin\Debug\net10.0\YLproxy.Tests.dll" adapterTypeName="executor://xunit/VsTestRunner3/netcore/" className="YLproxy.Tests.MonitorServiceTests" name="MonitorTick_WhenGetProxiesThrows_DoesNotThrow" />
    </UnitTest>
    <UnitTest name="YLproxy.Tests.ProxyTesterTests.GenericException_ShouldReturnConnectionFailed" storage="e:\gzq\ylxcx\ylproxy\tests\bin\debug\net10.0\ylproxy.tests.dll" id="c5a3a030-ab56-e0d9-f262-aafcd957956a">
      <Execution id="39fd29ae-1867-429b-8c85-a382e82d5c5d" />
      <TestMethod codeBase="E:\GZQ\YLXCX\YLproxy\tests\bin\Debug\net10.0\YLproxy.Tests.dll" adapterTypeName="executor://xunit/VsTestRunner3/netcore/" className="YLproxy.Tests.ProxyTesterTests" name="GenericException_ShouldReturnConnectionFailed" />
    </UnitTest>
    <UnitTest name="YLproxy.Tests.ProxyTesterTests.Success_ShouldReturnSuccess" storage="e:\gzq\ylxcx\ylproxy\tests\bin\debug\net10.0\ylproxy.tests.dll" id="ce25168b-7b23-4aee-6529-5a219b698afa">
      <Execution id="fc916d75-0a80-424a-b701-6639fe7b4c7b" />
      <TestMethod codeBase="E:\GZQ\YLXCX\YLproxy\tests\bin\Debug\net10.0\YLproxy.Tests.dll" adapterTypeName="executor://xunit/VsTestRunner3/netcore/" className="YLproxy.Tests.ProxyTesterTests" name="Success_ShouldReturnSuccess" />
    </UnitTest>
    <UnitTest name="YLproxy.Tests.PathResolverTests.ResolvePath_ShouldReturnExistingRepositoryPaths" storage="e:\gzq\ylxcx\ylproxy\tests\bin\debug\net10.0\ylproxy.tests.dll" id="e0a65761-aaae-0579-9ea7-8c291405a75f">
      <Execution id="445de592-94f3-49b7-8d93-9003396071fb" />
      <TestMethod codeBase="E:\GZQ\YLXCX\YLproxy\tests\bin\Debug\net10.0\YLproxy.Tests.dll" adapterTypeName="executor://xunit/VsTestRunner3/netcore/" className="YLproxy.Tests.PathResolverTests" name="ResolvePath_ShouldReturnExistingRepositoryPaths" />
    </UnitTest>
    <UnitTest name="YLproxy.Tests.ProxyDataServiceTests.CredentialsResetDuringLoad_DefaultsToFalse" storage="e:\gzq\ylxcx\ylproxy\tests\bin\debug\net10.0\ylproxy.tests.dll" id="fd531769-b1a4-0f62-cd1a-1b52c8af421e">
      <Execution id="4f13aaa2-7120-4df4-ab3d-df8f5ce8af8d" />
      <TestMethod codeBase="E:\GZQ\YLXCX\YLproxy\tests\bin\Debug\net10.0\YLproxy.Tests.dll" adapterTypeName="executor://xunit/VsTestRunner3/netcore/" className="YLproxy.Tests.ProxyDataServiceTests" name="CredentialsResetDuringLoad_DefaultsToFalse" />
    </UnitTest>
    <UnitTest name="YLproxy.Tests.PreFlightTests.PreFlightResult_Passed_DefaultsToFalse" storage="e:\gzq\ylxcx\ylproxy\tests\bin\debug\net10.0\ylproxy.tests.dll" id="354b4abc-99a1-e15a-2500-85f3f9f3b8bc">
      <Execution id="fd6021ae-a8e0-41d6-991e-867e3e851498" />
      <TestMethod codeBase="E:\GZQ\YLXCX\YLproxy\tests\bin\Debug\net10.0\YLproxy.Tests.dll" adapterTypeName="executor://xunit/VsTestRunner3/netcore/" className="YLproxy.Tests.PreFlightTests" name="PreFlightResult_Passed_DefaultsToFalse" />
    </UnitTest>
    <UnitTest name="YLproxy.Tests.ApiIntegrationTests.HealthEndpoint_ShouldReturnOkWithoutAuth" storage="e:\gzq\ylxcx\ylproxy\tests\bin\debug\net10.0\ylproxy.tests.dll" id="ee6f1289-91ae-2c17-4dc5-d8c6a62f5662">
      <Execution id="822a8d22-9e03-4d68-82dc-f37318cff140" />
      <TestMethod codeBase="E:\GZQ\YLXCX\YLproxy\tests\bin\Debug\net10.0\YLproxy.Tests.dll" adapterTypeName="executor://xunit/VsTestRunner3/netcore/" className="YLproxy.Tests.ApiIntegrationTests" name="HealthEndpoint_ShouldReturnOkWithoutAuth" />
    </UnitTest>
    <UnitTest name="YLproxy.Tests.ApiIntegrationTests.GetProxyById_ShouldReturnProxy" storage="e:\gzq\ylxcx\ylproxy\tests\bin\debug\net10.0\ylproxy.tests.dll" id="bf3a43d0-56eb-0f7c-96c2-322311bfcb4a">
      <Execution id="677d3ea6-5b02-427a-b692-76a722c5b457" />
      <TestMethod codeBase="E:\GZQ\YLXCX\YLproxy\tests\bin\Debug\net10.0\YLproxy.Tests.dll" adapterTypeName="executor://xunit/VsTestRunner3/netcore/" className="YLproxy.Tests.ApiIntegrationTests" name="GetProxyById_ShouldReturnProxy" />
    </UnitTest>
    <UnitTest name="YLproxy.Tests.ProxyTesterTests.CancellationRequested_ShouldReturnCancelled" storage="e:\gzq\ylxcx\ylproxy\tests\bin\debug\net10.0\ylproxy.tests.dll" id="92aa3c05-7c14-0753-4ebc-9f4cf169a726">
      <Execution id="aaa7c604-b717-42d6-93f6-4b70ea3437c5" />
      <TestMethod codeBase="E:\GZQ\YLXCX\YLproxy\tests\bin\Debug\net10.0\YLproxy.Tests.dll" adapterTypeName="executor://xunit/VsTestRunner3/netcore/" className="YLproxy.Tests.ProxyTesterTests" name="CancellationRequested_ShouldReturnCancelled" />
    </UnitTest>
    <UnitTest name="YLproxy.Tests.ProxyTesterTests.AuthIncomplete_ShouldReturnAuthIncomplete" storage="e:\gzq\ylxcx\ylproxy\tests\bin\debug\net10.0\ylproxy.tests.dll" id="a1e88b16-6e76-f21d-43d4-fb0f22c1e34d">
      <Execution id="16b19c99-9a0c-4b26-a041-c15587bf278a" />
      <TestMethod codeBase="E:\GZQ\YLXCX\YLproxy\tests\bin\Debug\net10.0\YLproxy.Tests.dll" adapterTypeName="executor://xunit/VsTestRunner3/netcore/" className="YLproxy.Tests.ProxyTesterTests" name="AuthIncomplete_ShouldReturnAuthIncomplete" />
    </UnitTest>
    <UnitTest name="YLproxy.Tests.MonitorServiceTests.MonitorTick_WhenHealthPortUnreachable_ShouldMarkFailedAndInvokeRestart" storage="e:\gzq\ylxcx\ylproxy\tests\bin\debug\net10.0\ylproxy.tests.dll" id="0d1b56bf-b099-331a-8d64-6b89d0a3f257">
      <Execution id="07b6a52e-4308-475d-84d4-339724080e15" />
      <TestMethod codeBase="E:\GZQ\YLXCX\YLproxy\tests\bin\Debug\net10.0\YLproxy.Tests.dll" adapterTypeName="executor://xunit/VsTestRunner3/netcore/" className="YLproxy.Tests.MonitorServiceTests" name="MonitorTick_WhenHealthPortUnreachable_ShouldMarkFailedAndInvokeRestart" />
    </UnitTest>
    <UnitTest name="YLproxy.Tests.ProxyDataServiceTests.Constructor_WithEmptyPath_ShouldThrow" storage="e:\gzq\ylxcx\ylproxy\tests\bin\debug\net10.0\ylproxy.tests.dll" id="5c4f7b36-db29-fa0f-9128-1a5aa8e9aff0">
      <Execution id="a24cd030-c9ea-4a16-b1c9-d86e10ab7538" />
      <TestMethod codeBase="E:\GZQ\YLXCX\YLproxy\tests\bin\Debug\net10.0\YLproxy.Tests.dll" adapterTypeName="executor://xunit/VsTestRunner3/netcore/" className="YLproxy.Tests.ProxyDataServiceTests" name="Constructor_WithEmptyPath_ShouldThrow" />
    </UnitTest>
    <UnitTest name="YLproxy.Tests.PreFlightTests.AutoStartService_IsAutoStartEnabled_DoesNotThrow" storage="e:\gzq\ylxcx\ylproxy\tests\bin\debug\net10.0\ylproxy.tests.dll" id="e1da1a03-5335-8e2b-8876-2c9c70aeda2a">
      <Execution id="f15e8218-4a1a-41e1-b76f-d3c43e350d41" />
      <TestMethod codeBase="E:\GZQ\YLXCX\YLproxy\tests\bin\Debug\net10.0\YLproxy.Tests.dll" adapterTypeName="executor://xunit/VsTestRunner3/netcore/" className="YLproxy.Tests.PreFlightTests" name="AutoStartService_IsAutoStartEnabled_DoesNotThrow" />
    </UnitTest>
    <UnitTest name="YLproxy.Tests.MonitorServiceTests.IsRunningThrows_ShouldSkipProxyAndContinue" storage="e:\gzq\ylxcx\ylproxy\tests\bin\debug\net10.0\ylproxy.tests.dll" id="45608705-9c49-f3e0-77f8-be034c5cc548">
      <Execution id="b6ea7ae8-79ff-4550-a14a-c1441e1ff58c" />
      <TestMethod codeBase="E:\GZQ\YLXCX\YLproxy\tests\bin\Debug\net10.0\YLproxy.Tests.dll" adapterTypeName="executor://xunit/VsTestRunner3/netcore/" className="YLproxy.Tests.MonitorServiceTests" name="IsRunningThrows_ShouldSkipProxyAndContinue" />
    </UnitTest>
    <UnitTest name="YLproxy.Tests.LoggingAndMonitorTests.FileLogger_ShouldFilterByMinLevel" storage="e:\gzq\ylxcx\ylproxy\tests\bin\debug\net10.0\ylproxy.tests.dll" id="0b8d8956-c0de-c56c-25ce-6a2036b921a0">
      <Execution id="4df4551f-e9af-4051-8089-69d00b87fd20" />
      <TestMethod codeBase="E:\GZQ\YLXCX\YLproxy\tests\bin\Debug\net10.0\YLproxy.Tests.dll" adapterTypeName="executor://xunit/VsTestRunner3/netcore/" className="YLproxy.Tests.LoggingAndMonitorTests" name="FileLogger_ShouldFilterByMinLevel" />
    </UnitTest>
    <UnitTest name="YLproxy.Tests.ProxyDataServiceTests.LoadAsync_ShouldWork" storage="e:\gzq\ylxcx\ylproxy\tests\bin\debug\net10.0\ylproxy.tests.dll" id="5c53d2c3-6aa1-752a-3246-4d3f2bb6815e">
      <Execution id="a7e27cc1-f2a4-4928-b595-e6a90a6566e6" />
      <TestMethod codeBase="E:\GZQ\YLXCX\YLproxy\tests\bin\Debug\net10.0\YLproxy.Tests.dll" adapterTypeName="executor://xunit/VsTestRunner3/netcore/" className="YLproxy.Tests.ProxyDataServiceTests" name="LoadAsync_ShouldWork" />
    </UnitTest>
    <UnitTest name="YLproxy.Tests.LoggingAndMonitorTests.FileLogger_ShouldIncludeException_StackTrace" storage="e:\gzq\ylxcx\ylproxy\tests\bin\debug\net10.0\ylproxy.tests.dll" id="4915002f-a9f0-514d-1f00-ba3bcbfe8c32">
      <Execution id="7dbb9108-9b76-43cb-8d5d-08815ae112c0" />
      <TestMethod codeBase="E:\GZQ\YLXCX\YLproxy\tests\bin\Debug\net10.0\YLproxy.Tests.dll" adapterTypeName="executor://xunit/VsTestRunner3/netcore/" className="YLproxy.Tests.LoggingAndMonitorTests" name="FileLogger_ShouldIncludeException_StackTrace" />
    </UnitTest>
    <UnitTest name="YLproxy.Tests.ProxyDataServiceTests.Save_NullConfig_ShouldThrow" storage="e:\gzq\ylxcx\ylproxy\tests\bin\debug\net10.0\ylproxy.tests.dll" id="c454d929-6488-f80f-eaa2-7c2a65b733b3">
      <Execution id="26423181-27b1-461b-be59-22723470a614" />
      <TestMethod codeBase="E:\GZQ\YLXCX\YLproxy\tests\bin\Debug\net10.0\YLproxy.Tests.dll" adapterTypeName="executor://xunit/VsTestRunner3/netcore/" className="YLproxy.Tests.ProxyDataServiceTests" name="Save_NullConfig_ShouldThrow" />
    </UnitTest>
    <UnitTest name="YLproxy.Tests.SecurityServiceTests.DpapiSecurityService_ShouldRoundTripWithoutStoringPlaintext" storage="e:\gzq\ylxcx\ylproxy\tests\bin\debug\net10.0\ylproxy.tests.dll" id="bdd059ba-4cd8-70dc-38a5-3fea6ab982a3">
      <Execution id="b18ecb81-c5b9-47dd-8708-3cca0b169c7c" />
      <TestMethod codeBase="E:\GZQ\YLXCX\YLproxy\tests\bin\Debug\net10.0\YLproxy.Tests.dll" adapterTypeName="executor://xunit/VsTestRunner3/netcore/" className="YLproxy.Tests.SecurityServiceTests" name="DpapiSecurityService_ShouldRoundTripWithoutStoringPlaintext" />
    </UnitTest>
    <UnitTest name="YLproxy.Tests.PreFlightTests.AutoStartService_SetAutoStart_DisableDoesNotThrow" storage="e:\gzq\ylxcx\ylproxy\tests\bin\debug\net10.0\ylproxy.tests.dll" id="67367d2e-22f4-e12f-6a68-7d8cb30c79c4">
      <Execution id="edc0a140-d63a-4358-bdb3-147a4195eb9c" />
      <TestMethod codeBase="E:\GZQ\YLXCX\YLproxy\tests\bin\Debug\net10.0\YLproxy.Tests.dll" adapterTypeName="executor://xunit/VsTestRunner3/netcore/" className="YLproxy.Tests.PreFlightTests" name="AutoStartService_SetAutoStart_DisableDoesNotThrow" />
    </UnitTest>
    <UnitTest name="YLproxy.Tests.ConfigurationContractTests.AppSettings_ShouldUseTheCanonicalDirectoriesAndValues" storage="e:\gzq\ylxcx\ylproxy\tests\bin\debug\net10.0\ylproxy.tests.dll" id="f1e0db1c-12d4-6373-ea7d-379608fbc1eb">
      <Execution id="ab6b4d89-7a76-400f-bb74-94080712fc02" />
      <TestMethod codeBase="E:\GZQ\YLXCX\YLproxy\tests\bin\Debug\net10.0\YLproxy.Tests.dll" adapterTypeName="executor://xunit/VsTestRunner3/netcore/" className="YLproxy.Tests.ConfigurationContractTests" name="AppSettings_ShouldUseTheCanonicalDirectoriesAndValues" />
    </UnitTest>
    <UnitTest name="YLproxy.Tests.ApiIntegrationTests.AddProxy_ShouldCreateNew" storage="e:\gzq\ylxcx\ylproxy\tests\bin\debug\net10.0\ylproxy.tests.dll" id="7a5f0016-3982-e625-ea81-8e64bf7b2f8c">
      <Execution id="0563cee8-a967-484e-8e30-eb1599eebd57" />
      <TestMethod codeBase="E:\GZQ\YLXCX\YLproxy\tests\bin\Debug\net10.0\YLproxy.Tests.dll" adapterTypeName="executor://xunit/VsTestRunner3/netcore/" className="YLproxy.Tests.ApiIntegrationTests" name="AddProxy_ShouldCreateNew" />
    </UnitTest>
    <UnitTest name="YLproxy.Tests.ProxyDataServiceTests.SaveAsync_ShouldWork" storage="e:\gzq\ylxcx\ylproxy\tests\bin\debug\net10.0\ylproxy.tests.dll" id="8f7d0bc8-34c6-4fdc-f821-13c43fb7d404">
      <Execution id="d90c255c-ddfc-4510-b055-eebda14a73d7" />
      <TestMethod codeBase="E:\GZQ\YLXCX\YLproxy\tests\bin\Debug\net10.0\YLproxy.Tests.dll" adapterTypeName="executor://xunit/VsTestRunner3/netcore/" className="YLproxy.Tests.ProxyDataServiceTests" name="SaveAsync_ShouldWork" />
    </UnitTest>
  </TestDefinitions>
  <TestEntries>
    <TestEntry testId="5336cb23-dbbf-67fc-2a29-309425ee85e6" executionId="2e809c49-42be-452a-b5cb-7165c238b6d1" testListId="8c84fa94-04c1-424b-9868-57a2d4851a1d" />
    <TestEntry testId="97a723a2-4d1e-d256-7959-28ac644bc419" executionId="0093c81d-202f-4496-aeca-89c3f40566f7" testListId="8c84fa94-04c1-424b-9868-57a2d4851a1d" />
    <TestEntry testId="74985861-fba1-cc3f-7060-de8b720dcf8c" executionId="fa0640ec-e5a0-4116-835d-6cf195f4e56a" testListId="8c84fa94-04c1-424b-9868-57a2d4851a1d" />
    <TestEntry testId="92aa3c05-7c14-0753-4ebc-9f4cf169a726" executionId="aaa7c604-b717-42d6-93f6-4b70ea3437c5" testListId="8c84fa94-04c1-424b-9868-57a2d4851a1d" />
    <TestEntry testId="73fbf664-a05b-2b53-1a7a-015846a8b37b" executionId="872b1ae6-915e-4f60-b11e-62f6bfcb424f" testListId="8c84fa94-04c1-424b-9868-57a2d4851a1d" />
    <TestEntry testId="68c1c369-5c85-ed45-4b45-06d63034fa47" executionId="43208159-6697-42f1-a23e-1edc19cfc3e2" testListId="8c84fa94-04c1-424b-9868-57a2d4851a1d" />
    <TestEntry testId="0cdae2b9-4b67-aa67-ec7d-2d391cd872cb" executionId="c3c9d4d7-b3ae-4c2a-85dd-fa5232f140c9" testListId="8c84fa94-04c1-424b-9868-57a2d4851a1d" />
    <TestEntry testId="87d51647-9ebb-e6a7-3266-97078d4a4201" executionId="82ea4f86-6528-4170-9cd5-d3a18c8043e6" testListId="8c84fa94-04c1-424b-9868-57a2d4851a1d" />
    <TestEntry testId="bf3a43d0-56eb-0f7c-96c2-322311bfcb4a" executionId="677d3ea6-5b02-427a-b692-76a722c5b457" testListId="8c84fa94-04c1-424b-9868-57a2d4851a1d" />
    <TestEntry testId="0b8d8956-c0de-c56c-25ce-6a2036b921a0" executionId="4df4551f-e9af-4051-8089-69d00b87fd20" testListId="8c84fa94-04c1-424b-9868-57a2d4851a1d" />
    <TestEntry testId="a1e88b16-6e76-f21d-43d4-fb0f22c1e34d" executionId="16b19c99-9a0c-4b26-a041-c15587bf278a" testListId="8c84fa94-04c1-424b-9868-57a2d4851a1d" />
    <TestEntry testId="0d1b56bf-b099-331a-8d64-6b89d0a3f257" executionId="07b6a52e-4308-475d-84d4-339724080e15" testListId="8c84fa94-04c1-424b-9868-57a2d4851a1d" />
    <TestEntry testId="3f878f5e-dbf1-738e-bc65-deaf9dacc6b6" executionId="0e2ce2d2-230e-4726-a49c-f93f9e815912" testListId="8c84fa94-04c1-424b-9868-57a2d4851a1d" />
    <TestEntry testId="d9c8d68b-3172-a871-b2d7-2e81f0ec299d" executionId="42af477f-fbb1-4673-add4-1c1479ecacab" testListId="8c84fa94-04c1-424b-9868-57a2d4851a1d" />
    <TestEntry testId="02539ef4-2d16-29cb-1f05-177eccc94c20" executionId="b050f905-771b-492f-8376-e550d36848c0" testListId="8c84fa94-04c1-424b-9868-57a2d4851a1d" />
    <TestEntry testId="354b4abc-99a1-e15a-2500-85f3f9f3b8bc" executionId="fd6021ae-a8e0-41d6-991e-867e3e851498" testListId="8c84fa94-04c1-424b-9868-57a2d4851a1d" />
    <TestEntry testId="b8ae3c1b-acf2-94d1-6df6-a6171cf87bd9" executionId="df8fdc3d-8a8b-4d11-8f00-bc66c82d6a88" testListId="8c84fa94-04c1-424b-9868-57a2d4851a1d" />
    <TestEntry testId="ab86af9e-934c-0e27-b065-6ce1052eb2e3" executionId="b20b853a-bbe1-47c9-b52c-fd924e361ffe" testListId="8c84fa94-04c1-424b-9868-57a2d4851a1d" />
    <TestEntry testId="8aa5c1eb-fe53-b064-ab4e-4f0deb2fb192" executionId="ff6476c3-e8c7-446b-ace6-7b1e34e034d7" testListId="8c84fa94-04c1-424b-9868-57a2d4851a1d" />
    <TestEntry testId="de110a7d-4293-3f3d-55bb-fab7ad2f4a9a" executionId="cd1b179d-881e-4e32-8d94-f81a7faeaf0c" testListId="8c84fa94-04c1-424b-9868-57a2d4851a1d" />
    <TestEntry testId="ee6f1289-91ae-2c17-4dc5-d8c6a62f5662" executionId="822a8d22-9e03-4d68-82dc-f37318cff140" testListId="8c84fa94-04c1-424b-9868-57a2d4851a1d" />
    <TestEntry testId="f312ed8e-8923-8efb-c1c1-e86c7db55c6b" executionId="a9e2d129-ce40-4e1d-a481-a81293c6bfd6" testListId="8c84fa94-04c1-424b-9868-57a2d4851a1d" />
    <TestEntry testId="a8402b37-b976-1d90-848d-aebfad1ec83f" executionId="22e14eb8-6239-4b7a-91da-29f6c0e6b7a0" testListId="8c84fa94-04c1-424b-9868-57a2d4851a1d" />
    <TestEntry testId="ec7ca27a-2fbc-484b-f7f8-1205d7c99e31" executionId="33d83361-eb0f-474c-ad82-cd36f113bc9a" testListId="8c84fa94-04c1-424b-9868-57a2d4851a1d" />
    <TestEntry testId="f1e0db1c-12d4-6373-ea7d-379608fbc1eb" executionId="ab6b4d89-7a76-400f-bb74-94080712fc02" testListId="8c84fa94-04c1-424b-9868-57a2d4851a1d" />
    <TestEntry testId="97c52eab-9d3e-ed2f-f80f-8b510ef66ee5" executionId="75e87639-5d87-436f-9b5d-8234c385fef7" testListId="8c84fa94-04c1-424b-9868-57a2d4851a1d" />
    <TestEntry testId="ce25168b-7b23-4aee-6529-5a219b698afa" executionId="fc916d75-0a80-424a-b701-6639fe7b4c7b" testListId="8c84fa94-04c1-424b-9868-57a2d4851a1d" />
    <TestEntry testId="cd8849cc-a4de-743e-67e5-7ed07520e775" executionId="ef65a92f-4c9b-4cf0-855d-1458d901dd5f" testListId="8c84fa94-04c1-424b-9868-57a2d4851a1d" />
    <TestEntry testId="d25ca1f6-3dd1-f844-e0c9-c6c4d3000e77" executionId="7d422ce9-4744-4caa-967e-d08ea9803460" testListId="8c84fa94-04c1-424b-9868-57a2d4851a1d" />
    <TestEntry testId="47906d29-845d-3c6f-20cd-868221aa2232" executionId="e84e6233-0a83-4fba-a71d-17b9c26cfd4e" testListId="8c84fa94-04c1-424b-9868-57a2d4851a1d" />
    <TestEntry testId="45608705-9c49-f3e0-77f8-be034c5cc548" executionId="b6ea7ae8-79ff-4550-a14a-c1441e1ff58c" testListId="8c84fa94-04c1-424b-9868-57a2d4851a1d" />
    <TestEntry testId="2f132857-66c4-7a3c-4ce3-a94ba2411159" executionId="46ce5d0a-cca6-47e1-b191-51076556d418" testListId="8c84fa94-04c1-424b-9868-57a2d4851a1d" />
    <TestEntry testId="67367d2e-22f4-e12f-6a68-7d8cb30c79c4" executionId="edc0a140-d63a-4358-bdb3-147a4195eb9c" testListId="8c84fa94-04c1-424b-9868-57a2d4851a1d" />
    <TestEntry testId="5c53d2c3-6aa1-752a-3246-4d3f2bb6815e" executionId="a7e27cc1-f2a4-4928-b595-e6a90a6566e6" testListId="8c84fa94-04c1-424b-9868-57a2d4851a1d" />
    <TestEntry testId="758e685b-2dc3-9e55-8c8e-e5a80e161e89" executionId="2f6f8624-1af1-4d5c-85f5-39d754075b02" testListId="8c84fa94-04c1-424b-9868-57a2d4851a1d" />
    <TestEntry testId="02ddf837-4ef2-3ad7-7fcf-b13580809d66" executionId="52f2234e-00e1-471e-a938-c8e81643a159" testListId="8c84fa94-04c1-424b-9868-57a2d4851a1d" />
    <TestEntry testId="471d0b13-28e7-0ff2-2bfa-d92d9d5fccb2" executionId="cd45ba5c-d8a6-4fdb-8aaa-93e681a4537e" testListId="8c84fa94-04c1-424b-9868-57a2d4851a1d" />
    <TestEntry testId="8f7d0bc8-34c6-4fdc-f821-13c43fb7d404" executionId="d90c255c-ddfc-4510-b055-eebda14a73d7" testListId="8c84fa94-04c1-424b-9868-57a2d4851a1d" />
    <TestEntry testId="29340ccc-48ab-b1c7-e119-d7588d3e691a" executionId="81188b10-877d-4e30-a35c-44177acc611f" testListId="8c84fa94-04c1-424b-9868-57a2d4851a1d" />
    <TestEntry testId="5c4f7b36-db29-fa0f-9128-1a5aa8e9aff0" executionId="a24cd030-c9ea-4a16-b1c9-d86e10ab7538" testListId="8c84fa94-04c1-424b-9868-57a2d4851a1d" />
    <TestEntry testId="4315055b-f5c0-fffa-eaef-3b6d0d3b824f" executionId="ca1ceae2-c4d1-42b6-a2be-c241e1476880" testListId="8c84fa94-04c1-424b-9868-57a2d4851a1d" />
    <TestEntry testId="9d8dc667-b886-ddd8-a651-62640b0bbe28" executionId="4f5c599c-1e0d-46a4-bf8b-b8f7e61c6675" testListId="8c84fa94-04c1-424b-9868-57a2d4851a1d" />
    <TestEntry testId="8136c8ed-f0e7-a8d3-e7fe-a8c83d5a7e4a" executionId="96fa2ef3-9cdc-45d6-9669-307ecae9778f" testListId="8c84fa94-04c1-424b-9868-57a2d4851a1d" />
    <TestEntry testId="00353506-ebb3-14e3-c63b-8e9f4692eaa4" executionId="1a9af04a-bc77-4296-937e-4c33339c718b" testListId="8c84fa94-04c1-424b-9868-57a2d4851a1d" />
    <TestEntry testId="9e88b76f-a638-fa2a-6d99-77776293907d" executionId="0c3b9065-535c-49c5-ae9f-6392b3cbf667" testListId="8c84fa94-04c1-424b-9868-57a2d4851a1d" />
    <TestEntry testId="c5a3a030-ab56-e0d9-f262-aafcd957956a" executionId="39fd29ae-1867-429b-8c85-a382e82d5c5d" testListId="8c84fa94-04c1-424b-9868-57a2d4851a1d" />
    <TestEntry testId="6eaac380-92a2-f432-8fea-be8ce51bb631" executionId="04b943a2-d45f-4d52-87ee-ff0b422f24b4" testListId="8c84fa94-04c1-424b-9868-57a2d4851a1d" />
    <TestEntry testId="c454d929-6488-f80f-eaa2-7c2a65b733b3" executionId="26423181-27b1-461b-be59-22723470a614" testListId="8c84fa94-04c1-424b-9868-57a2d4851a1d" />
    <TestEntry testId="aea36272-b509-d894-18c4-43ba6346e50a" executionId="9d05cd4f-b980-42a4-814b-99bf2a7a5f09" testListId="8c84fa94-04c1-424b-9868-57a2d4851a1d" />
    <TestEntry testId="f69df54e-4b6d-ee58-116a-e9108954b9ac" executionId="791ac9d2-17af-40b2-bf6c-8411753d63e8" testListId="8c84fa94-04c1-424b-9868-57a2d4851a1d" />
    <TestEntry testId="e607a565-635a-fb3b-880f-b74f4cdcc262" executionId="b2b6a959-29ba-462d-bdc1-9252bfdd5b62" testListId="8c84fa94-04c1-424b-9868-57a2d4851a1d" />
    <TestEntry testId="bdd059ba-4cd8-70dc-38a5-3fea6ab982a3" executionId="b18ecb81-c5b9-47dd-8708-3cca0b169c7c" testListId="8c84fa94-04c1-424b-9868-57a2d4851a1d" />
    <TestEntry testId="4915002f-a9f0-514d-1f00-ba3bcbfe8c32" executionId="7dbb9108-9b76-43cb-8d5d-08815ae112c0" testListId="8c84fa94-04c1-424b-9868-57a2d4851a1d" />
    <TestEntry testId="9841ec29-ae45-fe08-4384-e16231996476" executionId="7de96d3d-7c47-4765-a55e-3eda694762ec" testListId="8c84fa94-04c1-424b-9868-57a2d4851a1d" />
    <TestEntry testId="e0a65761-aaae-0579-9ea7-8c291405a75f" executionId="445de592-94f3-49b7-8d93-9003396071fb" testListId="8c84fa94-04c1-424b-9868-57a2d4851a1d" />
    <TestEntry testId="2d0b5281-51b2-f604-aa4a-71f9db9655e2" executionId="b6d6872f-0fc8-43f0-85e6-dabed61161d9" testListId="8c84fa94-04c1-424b-9868-57a2d4851a1d" />
    <TestEntry testId="9f855add-1867-2966-3a11-b9e7304d1813" executionId="fd6bc629-d7f0-4704-a77f-9323143d0ff0" testListId="8c84fa94-04c1-424b-9868-57a2d4851a1d" />
    <TestEntry testId="c1295dee-0650-1d7c-df47-69ffb997bb34" executionId="50e10140-310a-4986-b3fe-53fb996802d9" testListId="8c84fa94-04c1-424b-9868-57a2d4851a1d" />
    <TestEntry testId="35e35cf6-2ab3-1439-eb92-597bbf55238a" executionId="f4178cdc-fe66-4729-9609-9b969e03e486" testListId="8c84fa94-04c1-424b-9868-57a2d4851a1d" />
    <TestEntry testId="7a5f0016-3982-e625-ea81-8e64bf7b2f8c" executionId="0563cee8-a967-484e-8e30-eb1599eebd57" testListId="8c84fa94-04c1-424b-9868-57a2d4851a1d" />
    <TestEntry testId="e1da1a03-5335-8e2b-8876-2c9c70aeda2a" executionId="f15e8218-4a1a-41e1-b76f-d3c43e350d41" testListId="8c84fa94-04c1-424b-9868-57a2d4851a1d" />
    <TestEntry testId="aa5ebb5f-3a04-74b5-70e0-0bb44c8ed36d" executionId="74c5fe54-68db-4766-a4bf-fcec4cb910b2" testListId="8c84fa94-04c1-424b-9868-57a2d4851a1d" />
    <TestEntry testId="fd531769-b1a4-0f62-cd1a-1b52c8af421e" executionId="4f13aaa2-7120-4df4-ab3d-df8f5ce8af8d" testListId="8c84fa94-04c1-424b-9868-57a2d4851a1d" />
  </TestEntries>
  <TestLists>
    <TestList name="Results Not in a List" id="8c84fa94-04c1-424b-9868-57a2d4851a1d" />
    <TestList name="All Loaded Results" id="19431567-8539-422a-85d7-44ee4e166bda" />
  </TestLists>
  <ResultSummary outcome="Failed">
    <Counters total="63" executed="63" passed="62" failed="1" error="0" timeout="0" aborted="0" inconclusive="0" passedButRunAborted="0" notRunnable="0" notExecuted="0" disconnected="0" warning="0" completed="0" inProgress="0" pending="0" />
    <Output>
      <StdOut>[xUnit.net 00:00:00.00] xUnit.net VSTest Adapter v3.1.4+50e68bbb8b (64-bit .NET 10.0.9)&#xD;
[xUnit.net 00:00:00.16]   Discovering: YLproxy.Tests&#xD;
[xUnit.net 00:00:00.29]   Discovered:  YLproxy.Tests&#xD;
[xUnit.net 00:00:00.34]   Starting:    YLproxy.Tests&#xD;
[E2E] 11:28:29.166 &#xD;
[E2E] 11:28:29.184 �T�T�T Phase 1: ���� 5 ����ʵ���� �T�T�T&#xD;
[E2E] 11:28:29.189   ������ 0 ������&#xD;
[E2E] 11:28:29.190 &#xD;
[E2E] 11:28:29.191 �T�T�T Phase 2: ʵʱ��ͨ�Բ��� �T�T�T&#xD;
[E2E] 11:28:29.202   ��ͨ��: 0/0 ͨ��&#xD;
[E2E] 11:28:29.203 &#xD;
[E2E] 11:28:29.203 �T�T�T Phase 3: ������������ �T�T�T&#xD;
[E2E] 11:28:29.207   ??  ��ͨ������������ת��&#xD;
[E2E] 11:28:29.208 &#xD;
[E2E] 11:28:29.209 �T�T�T Phase 4: DPAPI ������֤ �T�T�T&#xD;
[E2E] 11:28:29.210   ??  �޴������ݣ�����������֤&#xD;
[E2E] 11:28:29.210 &#xD;
[E2E] 11:28:29.211 �T�T�T Phase 5: ��־ƾ������ �T�T�T&#xD;
[E2E] 11:28:29.379   log_20260720.txt: dpapiй¶=?&#xD;
[E2E] 11:28:29.429   log_20260719.txt: dpapiй¶=?&#xD;
[E2E] 11:28:29.429 &#xD;
[E2E] 11:28:29.429 �T�T�T Phase 6: API �������� �T�T�T&#xD;
[E2E] 11:28:29.597   ? 0 ������, Password ȫ������Ϊ '****'&#xD;
[E2E] 11:28:29.597 &#xD;
[E2E] 11:28:29.597 �T�T�T�T�T�T�T�T�T�T�T�T�T�T�T�T�T�T�T�T�T�T�T�T�T�T�T�T�T�T�T�T�T�T�T�T�T�T�T&#xD;
[E2E] 11:28:29.597   ȫ�� Phase ���&#xD;
[E2E] 11:28:29.597   Phase 2 (��ͨ��): 0/0 ͨ��&#xD;
[E2E] 11:28:29.597   Phase 3 (��������): SKIP (����ͨ����)&#xD;
[E2E] 11:28:29.597   Phase 4 (DPAPI����): SKIP (�޴���)&#xD;
[E2E] 11:28:29.597   Phase 5 (��־����): PASS&#xD;
[E2E] 11:28:29.597   Phase 6 (API����): PASS&#xD;
[E2E] 11:28:29.597 �T�T�T�T�T�T�T�T�T�T�T�T�T�T�T�T�T�T�T�T�T�T�T�T�T�T�T�T�T�T�T�T�T�T�T�T�T�T�T&#xD;
[xUnit.net 00:00:02.75]       System.InvalidOperationException : 3proxy exited during startup with code 1.&#xD;
[xUnit.net 00:00:02.75]       Stack Trace:&#xD;
[xUnit.net 00:00:02.75]         /workspaces/YLproxy/src/YLproxy.Proxy/ProxyProcessManager.cs(449,0): at YLproxy.Proxy.ProxyProcessManager.WaitForPort(Process process, Int32 port, TimeSpan timeout)&#xD;
[xUnit.net 00:00:02.75]         /workspaces/YLproxy/src/YLproxy.Proxy/ProxyProcessManager.cs(282,0): at YLproxy.Proxy.ProxyProcessManager.Start(ProxyItem proxy)&#xD;
[xUnit.net 00:00:02.75]         /workspaces/YLproxy/tests/ProxyIntegrationTests.cs(54,0): at YLproxy.Tests.ProxyIntegrationTests.ProxyProcess_ShouldForwardThroughAuthenticatedHttpParentAndCleanConfig()&#xD;
[xUnit.net 00:00:02.75]         /workspaces/YLproxy/tests/ProxyIntegrationTests.cs(100,0): at YLproxy.Tests.ProxyIntegrationTests.ProxyProcess_ShouldForwardThroughAuthenticatedHttpParentAndCleanConfig()&#xD;
[xUnit.net 00:00:02.75]         --- End of stack trace from previous location ---&#xD;
[xUnit.net 00:00:07.24]   Finished:    YLproxy.Tests&#xD;
</StdOut>
    </Output>
    <RunInfos>
      <RunInfo computerName="DESKTOP-3D19UGQ" outcome="Error" timestamp="2026-07-20T11:28:31.2081900+08:00">
        <Text>[xUnit.net 00:00:02.75]     YLproxy.Tests.ProxyIntegrationTests.ProxyProcess_ShouldForwardThroughAuthenticatedHttpParentAndCleanConfig [FAIL]</Text>
      </RunInfo>
    </RunInfos>
  </ResultSummary>
</TestRun>