<?xml version="1.0" encoding="utf-8"?>
<coverage line-rate="0.504" branch-rate="0.3616" version="1.9" timestamp="1784281130" lines-covered="1123" lines-valid="2228" branches-covered="311" branches-valid="860">
  <sources>
    <source>E:\GZQ\YLXCX\YLproxy\src\</source>
  </sources>
  <packages>
    <package name="YLproxy.Api" line-rate="0.6983" branch-rate="0.5263" complexity="105">
      <classes>
        <class name="YLproxy.Api.ApiAuthMiddleware" filename="YLproxy.Api\ApiAuthMiddleware.cs" line-rate="1" branch-rate="1" complexity="1">
          <methods>
            <method name=".ctor" signature="(Microsoft.AspNetCore.Http.RequestDelegate,System.String)" line-rate="1" branch-rate="1" complexity="1">
              <lines>
                <line number="13" hits="10" branch="False" />
                <line number="15" hits="10" branch="False" />
                <line number="16" hits="10" branch="False" />
                <line number="17" hits="10" branch="False" />
                <line number="18" hits="10" branch="False" />
              </lines>
            </method>
          </methods>
          <lines>
            <line number="13" hits="10" branch="False" />
            <line number="15" hits="10" branch="False" />
            <line number="16" hits="10" branch="False" />
            <line number="17" hits="10" branch="False" />
            <line number="18" hits="10" branch="False" />
          </lines>
        </class>
        <class name="YLproxy.Api.ApiAuthMiddleware/&lt;InvokeAsync&gt;d__4" filename="YLproxy.Api\ApiAuthMiddleware.cs" line-rate="0.8076000000000001" branch-rate="0.9" complexity="10">
          <methods>
            <method name="MoveNext" signature="()" line-rate="0.8076000000000001" branch-rate="0.9" complexity="10">
              <lines>
                <line number="23" hits="12" branch="True" condition-coverage="100% (4/4)">
                  <conditions>
                    <condition number="75" type="jump" coverage="100%" />
                    <condition number="112" type="jump" coverage="100%" />
                  </conditions>
                </line>
                <line number="24" hits="12" branch="False" />
                <line number="26" hits="1" branch="False" />
                <line number="27" hits="1" branch="False" />
                <line number="30" hits="11" branch="False" />
                <line number="31" hits="11" branch="True" condition-coverage="100% (2/2)">
                  <conditions>
                    <condition number="262" type="jump" coverage="100%" />
                  </conditions>
                </line>
                <line number="33" hits="1" branch="False" />
                <line number="34" hits="1" branch="False" />
                <line number="35" hits="1" branch="False" />
                <line number="36" hits="1" branch="False" />
                <line number="37" hits="1" branch="False" />
                <line number="40" hits="10" branch="True" condition-coverage="50% (1/2)">
                  <conditions>
                    <condition number="461" type="jump" coverage="50%" />
                  </conditions>
                </line>
                <line number="42" hits="0" branch="False" />
                <line number="43" hits="0" branch="False" />
                <line number="44" hits="0" branch="False" />
                <line number="45" hits="0" branch="False" />
                <line number="46" hits="0" branch="False" />
                <line number="49" hits="10" branch="False" />
                <line number="50" hits="10" branch="True" condition-coverage="100% (2/2)">
                  <conditions>
                    <condition number="681" type="jump" coverage="100%" />
                  </conditions>
                </line>
                <line number="52" hits="1" branch="False" />
                <line number="53" hits="1" branch="False" />
                <line number="54" hits="1" branch="False" />
                <line number="55" hits="1" branch="False" />
                <line number="56" hits="1" branch="False" />
                <line number="59" hits="9" branch="False" />
                <line number="60" hits="12" branch="False" />
              </lines>
            </method>
          </methods>
          <lines>
            <line number="23" hits="12" branch="True" condition-coverage="100% (4/4)">
              <conditions>
                <condition number="75" type="jump" coverage="100%" />
                <condition number="112" type="jump" coverage="100%" />
              </conditions>
            </line>
            <line number="24" hits="12" branch="False" />
            <line number="26" hits="1" branch="False" />
            <line number="27" hits="1" branch="False" />
            <line number="30" hits="11" branch="False" />
            <line number="31" hits="11" branch="True" condition-coverage="100% (2/2)">
              <conditions>
                <condition number="262" type="jump" coverage="100%" />
              </conditions>
            </line>
            <line number="33" hits="1" branch="False" />
            <line number="34" hits="1" branch="False" />
            <line number="35" hits="1" branch="False" />
            <line number="36" hits="1" branch="False" />
            <line number="37" hits="1" branch="False" />
            <line number="40" hits="10" branch="True" condition-coverage="50% (1/2)">
              <conditions>
                <condition number="461" type="jump" coverage="50%" />
              </conditions>
            </line>
            <line number="42" hits="0" branch="False" />
            <line number="43" hits="0" branch="False" />
            <line number="44" hits="0" branch="False" />
            <line number="45" hits="0" branch="False" />
            <line number="46" hits="0" branch="False" />
            <line number="49" hits="10" branch="False" />
            <line number="50" hits="10" branch="True" condition-coverage="100% (2/2)">
              <conditions>
                <condition number="681" type="jump" coverage="100%" />
              </conditions>
            </line>
            <line number="52" hits="1" branch="False" />
            <line number="53" hits="1" branch="False" />
            <line number="54" hits="1" branch="False" />
            <line number="55" hits="1" branch="False" />
            <line number="56" hits="1" branch="False" />
            <line number="59" hits="9" branch="False" />
            <line number="60" hits="12" branch="False" />
          </lines>
        </class>
        <class name="YLproxy.Api.ApiEndpoints" filename="YLproxy.Api\ApiEndpoints.cs" line-rate="0.7522" branch-rate="0.5" complexity="47">
          <methods>
            <method name="IsJsonContentType" signature="(Microsoft.AspNetCore.Http.HttpRequest)" line-rate="1" branch-rate="0.5" complexity="2">
              <lines>
                <line number="14" hits="1" branch="True" condition-coverage="50% (1/2)">
                  <conditions>
                    <condition number="23" type="jump" coverage="50%" />
                  </conditions>
                </line>
                <line number="15" hits="1" branch="False" />
              </lines>
            </method>
            <method name="Map" signature="(Microsoft.AspNetCore.Builder.WebApplication,System.String,YLproxy.Infrastructure.ProxyConfig)" line-rate="0.732" branch-rate="0.47609999999999997" complexity="42">
              <lines>
                <line number="21" hits="10" branch="False" />
                <line number="24" hits="11" branch="False" />
                <line number="25" hits="10" branch="False" />
                <line number="26" hits="10" branch="False" />
                <line number="29" hits="10" branch="False" />
                <line number="30" hits="10" branch="False" />
                <line number="31" hits="10" branch="False" />
                <line number="32" hits="10" branch="False" />
                <line number="33" hits="3" branch="False" />
                <line number="34" hits="3" branch="False" />
                <line number="35" hits="3" branch="False" />
                <line number="36" hits="3" branch="False" />
                <line number="37" hits="10" branch="False" />
                <line number="38" hits="0" branch="False" />
                <line number="39" hits="3" branch="False" />
                <line number="40" hits="10" branch="False" />
                <line number="41" hits="10" branch="False" />
                <line number="44" hits="10" branch="False" />
                <line number="45" hits="10" branch="False" />
                <line number="46" hits="10" branch="False" />
                <line number="47" hits="10" branch="False" />
                <line number="48" hits="3" branch="False" />
                <line number="49" hits="3" branch="False" />
                <line number="50" hits="7" branch="False" />
                <line number="51" hits="3" branch="True" condition-coverage="100% (2/2)">
                  <conditions>
                    <condition number="48" type="jump" coverage="100%" />
                  </conditions>
                </line>
                <line number="52" hits="2" branch="False" />
                <line number="53" hits="1" branch="False" />
                <line number="54" hits="10" branch="False" />
                <line number="55" hits="0" branch="False" />
                <line number="56" hits="3" branch="False" />
                <line number="57" hits="10" branch="False" />
                <line number="58" hits="10" branch="False" />
                <line number="59" hits="10" branch="False" />
                <line number="62" hits="10" branch="False" />
                <line number="63" hits="10" branch="False" />
                <line number="64" hits="10" branch="False" />
                <line number="65" hits="10" branch="False" />
                <line number="66" hits="1" branch="True" condition-coverage="50% (1/2)">
                  <conditions>
                    <condition number="11" type="jump" coverage="50%" />
                  </conditions>
                </line>
                <line number="67" hits="0" branch="False" />
                <line number="68" hits="10" branch="False" />
                <line number="69" hits="10" branch="False" />
                <line number="70" hits="1" branch="True" condition-coverage="50% (2/4)">
                  <conditions>
                    <condition number="41" type="jump" coverage="50%" />
                    <condition number="59" type="jump" coverage="50%" />
                  </conditions>
                </line>
                <line number="71" hits="0" branch="False" />
                <line number="72" hits="10" branch="False" />
                <line number="73" hits="1" branch="True" condition-coverage="50% (1/2)">
                  <conditions>
                    <condition number="95" type="jump" coverage="50%" />
                  </conditions>
                </line>
                <line number="74" hits="0" branch="False" />
                <line number="75" hits="10" branch="False" />
                <line number="76" hits="1" branch="True" condition-coverage="50% (2/4)">
                  <conditions>
                    <condition number="127" type="jump" coverage="50%" />
                    <condition number="140" type="jump" coverage="50%" />
                  </conditions>
                </line>
                <line number="77" hits="0" branch="False" />
                <line number="78" hits="10" branch="False" />
                <line number="79" hits="1" branch="True" condition-coverage="50% (2/4)">
                  <conditions>
                    <condition number="172" type="jump" coverage="50%" />
                    <condition number="185" type="jump" coverage="50%" />
                  </conditions>
                </line>
                <line number="80" hits="0" branch="False" />
                <line number="81" hits="10" branch="False" />
                <line number="82" hits="10" branch="False" />
                <line number="83" hits="1" branch="False" />
                <line number="84" hits="1" branch="False" />
                <line number="85" hits="3" branch="False" />
                <line number="86" hits="10" branch="False" />
                <line number="87" hits="3" branch="True" condition-coverage="50% (1/2)">
                  <conditions>
                    <condition number="283" type="jump" coverage="50%" />
                  </conditions>
                </line>
                <line number="88" hits="10" branch="False" />
                <line number="89" hits="10" branch="False" />
                <line number="90" hits="1" branch="True" condition-coverage="50% (1/2)">
                  <conditions>
                    <condition number="340" type="jump" coverage="50%" />
                  </conditions>
                </line>
                <line number="91" hits="10" branch="False" />
                <line number="92" hits="0" branch="True" condition-coverage="0% (0/2)">
                  <conditions>
                    <condition number="354" type="jump" coverage="0%" />
                  </conditions>
                </line>
                <line number="93" hits="0" branch="False" />
                <line number="94" hits="0" branch="False" />
                <line number="95" hits="10" branch="False" />
                <line number="96" hits="10" branch="False" />
                <line number="97" hits="10" branch="False" />
                <line number="98" hits="1" branch="False" />
                <line number="99" hits="3" branch="True" condition-coverage="100% (2/2)">
                  <conditions>
                    <condition number="456" type="jump" coverage="100%" />
                  </conditions>
                </line>
                <line number="100" hits="10" branch="False" />
                <line number="101" hits="2" branch="False" />
                <line number="102" hits="2" branch="True" condition-coverage="50% (1/2)">
                  <conditions>
                    <condition number="423" type="jump" coverage="50%" />
                  </conditions>
                </line>
                <line number="103" hits="0" branch="False" />
                <line number="104" hits="10" branch="False" />
                <line number="105" hits="10" branch="False" />
                <line number="106" hits="10" branch="False" />
                <line number="107" hits="1" branch="True" condition-coverage="50% (4/8)">
                  <conditions>
                    <condition number="478" type="jump" coverage="50%" />
                    <condition number="554" type="jump" coverage="50%" />
                    <condition number="575" type="jump" coverage="50%" />
                    <condition number="633" type="jump" coverage="50%" />
                  </conditions>
                </line>
                <line number="108" hits="1" branch="False" />
                <line number="109" hits="1" branch="False" />
                <line number="110" hits="1" branch="False" />
                <line number="111" hits="1" branch="False" />
                <line number="112" hits="1" branch="False" />
                <line number="113" hits="1" branch="False" />
                <line number="114" hits="1" branch="False" />
                <line number="115" hits="1" branch="False" />
                <line number="116" hits="1" branch="False" />
                <line number="117" hits="1" branch="False" />
                <line number="118" hits="1" branch="False" />
                <line number="119" hits="1" branch="False" />
                <line number="120" hits="1" branch="False" />
                <line number="121" hits="10" branch="False" />
                <line number="122" hits="1" branch="False" />
                <line number="123" hits="1" branch="False" />
                <line number="124" hits="1" branch="False" />
                <line number="125" hits="1" branch="False" />
                <line number="126" hits="10" branch="False" />
                <line number="127" hits="0" branch="False" />
                <line number="128" hits="1" branch="False" />
                <line number="129" hits="10" branch="False" />
                <line number="130" hits="10" branch="False" />
                <line number="131" hits="10" branch="False" />
                <line number="134" hits="10" branch="False" />
                <line number="135" hits="10" branch="False" />
                <line number="136" hits="10" branch="False" />
                <line number="137" hits="10" branch="False" />
                <line number="138" hits="1" branch="False" />
                <line number="139" hits="1" branch="False" />
                <line number="140" hits="3" branch="False" />
                <line number="141" hits="1" branch="True" condition-coverage="50% (1/2)">
                  <conditions>
                    <condition number="50" type="jump" coverage="50%" />
                  </conditions>
                </line>
                <line number="142" hits="0" branch="False" />
                <line number="143" hits="10" branch="False" />
                <line number="144" hits="2" branch="False" />
                <line number="145" hits="10" branch="False" />
                <line number="146" hits="1" branch="False" />
                <line number="147" hits="1" branch="False" />
                <line number="148" hits="1" branch="False" />
                <line number="149" hits="10" branch="False" />
                <line number="150" hits="0" branch="False" />
                <line number="151" hits="1" branch="False" />
                <line number="152" hits="10" branch="False" />
                <line number="153" hits="10" branch="False" />
                <line number="154" hits="10" branch="False" />
                <line number="157" hits="10" branch="False" />
                <line number="158" hits="10" branch="False" />
                <line number="159" hits="10" branch="False" />
                <line number="160" hits="10" branch="False" />
                <line number="161" hits="0" branch="False" />
                <line number="162" hits="0" branch="False" />
                <line number="163" hits="0" branch="False" />
                <line number="164" hits="0" branch="False" />
                <line number="165" hits="0" branch="False" />
                <line number="166" hits="10" branch="False" />
                <line number="167" hits="0" branch="False" />
                <line number="168" hits="0" branch="False" />
                <line number="169" hits="0" branch="False" />
                <line number="170" hits="0" branch="False" />
                <line number="171" hits="10" branch="False" />
                <line number="172" hits="0" branch="False" />
                <line number="173" hits="0" branch="False" />
                <line number="174" hits="0" branch="False" />
                <line number="175" hits="0" branch="False" />
                <line number="176" hits="0" branch="False" />
                <line number="177" hits="0" branch="False" />
                <line number="178" hits="10" branch="False" />
                <line number="179" hits="0" branch="False" />
                <line number="180" hits="0" branch="False" />
                <line number="181" hits="10" branch="False" />
                <line number="182" hits="10" branch="False" />
                <line number="185" hits="10" branch="False" />
                <line number="186" hits="10" branch="False" />
                <line number="187" hits="10" branch="False" />
                <line number="188" hits="10" branch="False" />
                <line number="189" hits="0" branch="False" />
                <line number="190" hits="0" branch="False" />
                <line number="191" hits="0" branch="False" />
                <line number="192" hits="0" branch="True" condition-coverage="0% (0/2)">
                  <conditions>
                    <condition number="52" type="jump" coverage="0%" />
                  </conditions>
                </line>
                <line number="193" hits="0" branch="False" />
                <line number="194" hits="10" branch="False" />
                <line number="195" hits="0" branch="False" />
                <line number="196" hits="0" branch="False" />
                <line number="197" hits="0" branch="False" />
                <line number="198" hits="0" branch="False" />
                <line number="199" hits="0" branch="False" />
                <line number="200" hits="10" branch="False" />
                <line number="201" hits="0" branch="False" />
                <line number="202" hits="0" branch="False" />
                <line number="203" hits="10" branch="False" />
                <line number="204" hits="10" branch="False" />
                <line number="207" hits="10" branch="False" />
                <line number="208" hits="10" branch="False" />
                <line number="209" hits="10" branch="False" />
                <line number="210" hits="10" branch="False" />
                <line number="211" hits="0" branch="False" />
                <line number="212" hits="0" branch="False" />
                <line number="213" hits="0" branch="False" />
                <line number="214" hits="0" branch="True" condition-coverage="0% (0/2)">
                  <conditions>
                    <condition number="52" type="jump" coverage="0%" />
                  </conditions>
                </line>
                <line number="215" hits="0" branch="False" />
                <line number="216" hits="10" branch="False" />
                <line number="217" hits="0" branch="False" />
                <line number="218" hits="0" branch="False" />
                <line number="219" hits="0" branch="False" />
                <line number="220" hits="0" branch="False" />
                <line number="221" hits="0" branch="False" />
                <line number="222" hits="10" branch="False" />
                <line number="223" hits="0" branch="False" />
                <line number="224" hits="0" branch="False" />
                <line number="225" hits="10" branch="False" />
                <line number="226" hits="10" branch="False" />
                <line number="229" hits="10" branch="False" />
                <line number="230" hits="10" branch="False" />
                <line number="231" hits="10" branch="False" />
                <line number="232" hits="10" branch="False" />
                <line number="233" hits="1" branch="False" />
                <line number="234" hits="1" branch="False" />
                <line number="235" hits="1" branch="False" />
                <line number="236" hits="1" branch="False" />
                <line number="237" hits="1" branch="False" />
                <line number="238" hits="2" branch="False" />
                <line number="239" hits="2" branch="False" />
                <line number="240" hits="2" branch="False" />
                <line number="241" hits="1" branch="False" />
                <line number="242" hits="10" branch="False" />
                <line number="243" hits="0" branch="False" />
                <line number="244" hits="1" branch="False" />
                <line number="245" hits="10" branch="False" />
                <line number="246" hits="10" branch="False" />
                <line number="247" hits="10" branch="False" />
              </lines>
            </method>
            <method name="MapToDto" signature="(YLproxy.Models.ProxyItem)" line-rate="1" branch-rate="1" complexity="2">
              <lines>
                <line number="249" hits="7" branch="True" condition-coverage="100% (2/2)">
                  <conditions>
                    <condition number="77" type="jump" coverage="100%" />
                  </conditions>
                </line>
                <line number="250" hits="7" branch="False" />
                <line number="251" hits="7" branch="False" />
                <line number="252" hits="7" branch="False" />
                <line number="253" hits="7" branch="False" />
                <line number="254" hits="7" branch="False" />
                <line number="255" hits="7" branch="False" />
                <line number="256" hits="7" branch="False" />
                <line number="257" hits="7" branch="False" />
                <line number="258" hits="7" branch="False" />
                <line number="259" hits="7" branch="False" />
                <line number="260" hits="7" branch="False" />
                <line number="261" hits="7" branch="False" />
                <line number="262" hits="7" branch="False" />
              </lines>
            </method>
            <method name=".cctor" signature="()" line-rate="1" branch-rate="1" complexity="1">
              <lines>
                <line number="11" hits="1" branch="False" />
              </lines>
            </method>
          </methods>
          <lines>
            <line number="14" hits="1" branch="True" condition-coverage="50% (1/2)">
              <conditions>
                <condition number="23" type="jump" coverage="50%" />
              </conditions>
            </line>
            <line number="15" hits="1" branch="False" />
            <line number="21" hits="10" branch="False" />
            <line number="24" hits="11" branch="False" />
            <line number="25" hits="10" branch="False" />
            <line number="26" hits="10" branch="False" />
            <line number="29" hits="10" branch="False" />
            <line number="30" hits="10" branch="False" />
            <line number="31" hits="10" branch="False" />
            <line number="32" hits="10" branch="False" />
            <line number="33" hits="3" branch="False" />
            <line number="34" hits="3" branch="False" />
            <line number="35" hits="3" branch="False" />
            <line number="36" hits="3" branch="False" />
            <line number="37" hits="10" branch="False" />
            <line number="38" hits="0" branch="False" />
            <line number="39" hits="3" branch="False" />
            <line number="40" hits="10" branch="False" />
            <line number="41" hits="10" branch="False" />
            <line number="44" hits="10" branch="False" />
            <line number="45" hits="10" branch="False" />
            <line number="46" hits="10" branch="False" />
            <line number="47" hits="10" branch="False" />
            <line number="48" hits="3" branch="False" />
            <line number="49" hits="3" branch="False" />
            <line number="50" hits="7" branch="False" />
            <line number="51" hits="3" branch="True" condition-coverage="100% (2/2)">
              <conditions>
                <condition number="48" type="jump" coverage="100%" />
              </conditions>
            </line>
            <line number="52" hits="2" branch="False" />
            <line number="53" hits="1" branch="False" />
            <line number="54" hits="10" branch="False" />
            <line number="55" hits="0" branch="False" />
            <line number="56" hits="3" branch="False" />
            <line number="57" hits="10" branch="False" />
            <line number="58" hits="10" branch="False" />
            <line number="59" hits="10" branch="False" />
            <line number="62" hits="10" branch="False" />
            <line number="63" hits="10" branch="False" />
            <line number="64" hits="10" branch="False" />
            <line number="65" hits="10" branch="False" />
            <line number="66" hits="1" branch="True" condition-coverage="50% (1/2)">
              <conditions>
                <condition number="11" type="jump" coverage="50%" />
              </conditions>
            </line>
            <line number="67" hits="0" branch="False" />
            <line number="68" hits="10" branch="False" />
            <line number="69" hits="10" branch="False" />
            <line number="70" hits="1" branch="True" condition-coverage="50% (2/4)">
              <conditions>
                <condition number="41" type="jump" coverage="50%" />
                <condition number="59" type="jump" coverage="50%" />
              </conditions>
            </line>
            <line number="71" hits="0" branch="False" />
            <line number="72" hits="10" branch="False" />
            <line number="73" hits="1" branch="True" condition-coverage="50% (1/2)">
              <conditions>
                <condition number="95" type="jump" coverage="50%" />
              </conditions>
            </line>
            <line number="74" hits="0" branch="False" />
            <line number="75" hits="10" branch="False" />
            <line number="76" hits="1" branch="True" condition-coverage="50% (2/4)">
              <conditions>
                <condition number="127" type="jump" coverage="50%" />
                <condition number="140" type="jump" coverage="50%" />
              </conditions>
            </line>
            <line number="77" hits="0" branch="False" />
            <line number="78" hits="10" branch="False" />
            <line number="79" hits="1" branch="True" condition-coverage="50% (2/4)">
              <conditions>
                <condition number="172" type="jump" coverage="50%" />
                <condition number="185" type="jump" coverage="50%" />
              </conditions>
            </line>
            <line number="80" hits="0" branch="False" />
            <line number="81" hits="10" branch="False" />
            <line number="82" hits="10" branch="False" />
            <line number="83" hits="1" branch="False" />
            <line number="84" hits="1" branch="False" />
            <line number="85" hits="3" branch="False" />
            <line number="86" hits="10" branch="False" />
            <line number="87" hits="3" branch="True" condition-coverage="50% (1/2)">
              <conditions>
                <condition number="283" type="jump" coverage="50%" />
              </conditions>
            </line>
            <line number="88" hits="10" branch="False" />
            <line number="89" hits="10" branch="False" />
            <line number="90" hits="1" branch="True" condition-coverage="50% (1/2)">
              <conditions>
                <condition number="340" type="jump" coverage="50%" />
              </conditions>
            </line>
            <line number="91" hits="10" branch="False" />
            <line number="92" hits="0" branch="True" condition-coverage="0% (0/2)">
              <conditions>
                <condition number="354" type="jump" coverage="0%" />
              </conditions>
            </line>
            <line number="93" hits="0" branch="False" />
            <line number="94" hits="0" branch="False" />
            <line number="95" hits="10" branch="False" />
            <line number="96" hits="10" branch="False" />
            <line number="97" hits="10" branch="False" />
            <line number="98" hits="1" branch="False" />
            <line number="99" hits="3" branch="True" condition-coverage="100% (2/2)">
              <conditions>
                <condition number="456" type="jump" coverage="100%" />
              </conditions>
            </line>
            <line number="100" hits="10" branch="False" />
            <line number="101" hits="2" branch="False" />
            <line number="102" hits="2" branch="True" condition-coverage="50% (1/2)">
              <conditions>
                <condition number="423" type="jump" coverage="50%" />
              </conditions>
            </line>
            <line number="103" hits="0" branch="False" />
            <line number="104" hits="10" branch="False" />
            <line number="105" hits="10" branch="False" />
            <line number="106" hits="10" branch="False" />
            <line number="107" hits="1" branch="True" condition-coverage="50% (4/8)">
              <conditions>
                <condition number="478" type="jump" coverage="50%" />
                <condition number="554" type="jump" coverage="50%" />
                <condition number="575" type="jump" coverage="50%" />
                <condition number="633" type="jump" coverage="50%" />
              </conditions>
            </line>
            <line number="108" hits="1" branch="False" />
            <line number="109" hits="1" branch="False" />
            <line number="110" hits="1" branch="False" />
            <line number="111" hits="1" branch="False" />
            <line number="112" hits="1" branch="False" />
            <line number="113" hits="1" branch="False" />
            <line number="114" hits="1" branch="False" />
            <line number="115" hits="1" branch="False" />
            <line number="116" hits="1" branch="False" />
            <line number="117" hits="1" branch="False" />
            <line number="118" hits="1" branch="False" />
            <line number="119" hits="1" branch="False" />
            <line number="120" hits="1" branch="False" />
            <line number="121" hits="10" branch="False" />
            <line number="122" hits="1" branch="False" />
            <line number="123" hits="1" branch="False" />
            <line number="124" hits="1" branch="False" />
            <line number="125" hits="1" branch="False" />
            <line number="126" hits="10" branch="False" />
            <line number="127" hits="0" branch="False" />
            <line number="128" hits="1" branch="False" />
            <line number="129" hits="10" branch="False" />
            <line number="130" hits="10" branch="False" />
            <line number="131" hits="10" branch="False" />
            <line number="134" hits="10" branch="False" />
            <line number="135" hits="10" branch="False" />
            <line number="136" hits="10" branch="False" />
            <line number="137" hits="10" branch="False" />
            <line number="138" hits="1" branch="False" />
            <line number="139" hits="1" branch="False" />
            <line number="140" hits="3" branch="False" />
            <line number="141" hits="1" branch="True" condition-coverage="50% (1/2)">
              <conditions>
                <condition number="50" type="jump" coverage="50%" />
              </conditions>
            </line>
            <line number="142" hits="0" branch="False" />
            <line number="143" hits="10" branch="False" />
            <line number="144" hits="2" branch="False" />
            <line number="145" hits="10" branch="False" />
            <line number="146" hits="1" branch="False" />
            <line number="147" hits="1" branch="False" />
            <line number="148" hits="1" branch="False" />
            <line number="149" hits="10" branch="False" />
            <line number="150" hits="0" branch="False" />
            <line number="151" hits="1" branch="False" />
            <line number="152" hits="10" branch="False" />
            <line number="153" hits="10" branch="False" />
            <line number="154" hits="10" branch="False" />
            <line number="157" hits="10" branch="False" />
            <line number="158" hits="10" branch="False" />
            <line number="159" hits="10" branch="False" />
            <line number="160" hits="10" branch="False" />
            <line number="161" hits="0" branch="False" />
            <line number="162" hits="0" branch="False" />
            <line number="163" hits="0" branch="False" />
            <line number="164" hits="0" branch="False" />
            <line number="165" hits="0" branch="False" />
            <line number="166" hits="10" branch="False" />
            <line number="167" hits="0" branch="False" />
            <line number="168" hits="0" branch="False" />
            <line number="169" hits="0" branch="False" />
            <line number="170" hits="0" branch="False" />
            <line number="171" hits="10" branch="False" />
            <line number="172" hits="0" branch="False" />
            <line number="173" hits="0" branch="False" />
            <line number="174" hits="0" branch="False" />
            <line number="175" hits="0" branch="False" />
            <line number="176" hits="0" branch="False" />
            <line number="177" hits="0" branch="False" />
            <line number="178" hits="10" branch="False" />
            <line number="179" hits="0" branch="False" />
            <line number="180" hits="0" branch="False" />
            <line number="181" hits="10" branch="False" />
            <line number="182" hits="10" branch="False" />
            <line number="185" hits="10" branch="False" />
            <line number="186" hits="10" branch="False" />
            <line number="187" hits="10" branch="False" />
            <line number="188" hits="10" branch="False" />
            <line number="189" hits="0" branch="False" />
            <line number="190" hits="0" branch="False" />
            <line number="191" hits="0" branch="False" />
            <line number="192" hits="0" branch="True" condition-coverage="0% (0/2)">
              <conditions>
                <condition number="52" type="jump" coverage="0%" />
              </conditions>
            </line>
            <line number="193" hits="0" branch="False" />
            <line number="194" hits="10" branch="False" />
            <line number="195" hits="0" branch="False" />
            <line number="196" hits="0" branch="False" />
            <line number="197" hits="0" branch="False" />
            <line number="198" hits="0" branch="False" />
            <line number="199" hits="0" branch="False" />
            <line number="200" hits="10" branch="False" />
            <line number="201" hits="0" branch="False" />
            <line number="202" hits="0" branch="False" />
            <line number="203" hits="10" branch="False" />
            <line number="204" hits="10" branch="False" />
            <line number="207" hits="10" branch="False" />
            <line number="208" hits="10" branch="False" />
            <line number="209" hits="10" branch="False" />
            <line number="210" hits="10" branch="False" />
            <line number="211" hits="0" branch="False" />
            <line number="212" hits="0" branch="False" />
            <line number="213" hits="0" branch="False" />
            <line number="214" hits="0" branch="True" condition-coverage="0% (0/2)">
              <conditions>
                <condition number="52" type="jump" coverage="0%" />
              </conditions>
            </line>
            <line number="215" hits="0" branch="False" />
            <line number="216" hits="10" branch="False" />
            <line number="217" hits="0" branch="False" />
            <line number="218" hits="0" branch="False" />
            <line number="219" hits="0" branch="False" />
            <line number="220" hits="0" branch="False" />
            <line number="221" hits="0" branch="False" />
            <line number="222" hits="10" branch="False" />
            <line number="223" hits="0" branch="False" />
            <line number="224" hits="0" branch="False" />
            <line number="225" hits="10" branch="False" />
            <line number="226" hits="10" branch="False" />
            <line number="229" hits="10" branch="False" />
            <line number="230" hits="10" branch="False" />
            <line number="231" hits="10" branch="False" />
            <line number="232" hits="10" branch="False" />
            <line number="233" hits="1" branch="False" />
            <line number="234" hits="1" branch="False" />
            <line number="235" hits="1" branch="False" />
            <line number="236" hits="1" branch="False" />
            <line number="237" hits="1" branch="False" />
            <line number="238" hits="2" branch="False" />
            <line number="239" hits="2" branch="False" />
            <line number="240" hits="2" branch="False" />
            <line number="241" hits="1" branch="False" />
            <line number="242" hits="10" branch="False" />
            <line number="243" hits="0" branch="False" />
            <line number="244" hits="1" branch="False" />
            <line number="245" hits="10" branch="False" />
            <line number="246" hits="10" branch="False" />
            <line number="247" hits="10" branch="False" />
            <line number="249" hits="7" branch="True" condition-coverage="100% (2/2)">
              <conditions>
                <condition number="77" type="jump" coverage="100%" />
              </conditions>
            </line>
            <line number="250" hits="7" branch="False" />
            <line number="251" hits="7" branch="False" />
            <line number="252" hits="7" branch="False" />
            <line number="253" hits="7" branch="False" />
            <line number="254" hits="7" branch="False" />
            <line number="255" hits="7" branch="False" />
            <line number="256" hits="7" branch="False" />
            <line number="257" hits="7" branch="False" />
            <line number="258" hits="7" branch="False" />
            <line number="259" hits="7" branch="False" />
            <line number="260" hits="7" branch="False" />
            <line number="261" hits="7" branch="False" />
            <line number="262" hits="7" branch="False" />
            <line number="11" hits="1" branch="False" />
          </lines>
        </class>
        <class name="YLproxy.Api.ApiEndpoints/&lt;&gt;c__DisplayClass2_0/&lt;&lt;Map&gt;b__6&gt;d" filename="YLproxy.Api\ApiEndpoints.cs" line-rate="1" branch-rate="0" complexity="6">
          <methods />
          <lines />
        </class>
        <class name="YLproxy.Api.ApiResponse`1" filename="YLproxy.Api\ApiResponse.cs" line-rate="1" branch-rate="1" complexity="6">
          <methods>
            <method name="get_Success" signature="()" line-rate="1" branch-rate="1" complexity="1">
              <lines>
                <line number="5" hits="26" branch="False" />
              </lines>
            </method>
            <method name="get_Data" signature="()" line-rate="1" branch-rate="1" complexity="1">
              <lines>
                <line number="6" hits="28" branch="False" />
              </lines>
            </method>
            <method name="get_Error" signature="()" line-rate="1" branch-rate="1" complexity="1">
              <lines>
                <line number="7" hits="16" branch="False" />
              </lines>
            </method>
            <method name="get_ErrorCode" signature="()" line-rate="1" branch-rate="1" complexity="1">
              <lines>
                <line number="8" hits="16" branch="False" />
              </lines>
            </method>
            <method name="Ok" signature="(T)" line-rate="1" branch-rate="1" complexity="1">
              <lines>
                <line number="10" hits="7" branch="False" />
              </lines>
            </method>
            <method name="Fail" signature="(System.String,System.String)" line-rate="1" branch-rate="1" complexity="1">
              <lines>
                <line number="11" hits="2" branch="False" />
              </lines>
            </method>
          </methods>
          <lines>
            <line number="5" hits="26" branch="False" />
            <line number="6" hits="28" branch="False" />
            <line number="7" hits="16" branch="False" />
            <line number="8" hits="16" branch="False" />
            <line number="10" hits="7" branch="False" />
            <line number="11" hits="2" branch="False" />
          </lines>
        </class>
        <class name="YLproxy.Api.ProxyDto" filename="YLproxy.Api\ApiResponse.cs" line-rate="1" branch-rate="1" complexity="11">
          <methods>
            <method name="get_Id" signature="()" line-rate="1" branch-rate="1" complexity="1">
              <lines>
                <line number="16" hits="22" branch="False" />
              </lines>
            </method>
            <method name="get_Name" signature="()" line-rate="1" branch-rate="1" complexity="1">
              <lines>
                <line number="17" hits="45" branch="False" />
              </lines>
            </method>
            <method name="get_RemoteHost" signature="()" line-rate="1" branch-rate="1" complexity="1">
              <lines>
                <line number="18" hits="40" branch="False" />
              </lines>
            </method>
            <method name="get_RemotePort" signature="()" line-rate="1" branch-rate="1" complexity="1">
              <lines>
                <line number="19" hits="26" branch="False" />
              </lines>
            </method>
            <method name="get_Username" signature="()" line-rate="1" branch-rate="1" complexity="1">
              <lines>
                <line number="20" hits="39" branch="False" />
              </lines>
            </method>
            <method name="get_Password" signature="()" line-rate="1" branch-rate="1" complexity="1">
              <lines>
                <line number="21" hits="39" branch="False" />
              </lines>
            </method>
            <method name="get_LocalHost" signature="()" line-rate="1" branch-rate="1" complexity="1">
              <lines>
                <line number="22" hits="37" branch="False" />
              </lines>
            </method>
            <method name="get_LocalPort" signature="()" line-rate="1" branch-rate="1" complexity="1">
              <lines>
                <line number="23" hits="25" branch="False" />
              </lines>
            </method>
            <method name="get_Status" signature="()" line-rate="1" branch-rate="1" complexity="1">
              <lines>
                <line number="24" hits="37" branch="False" />
              </lines>
            </method>
            <method name="get_CreateTime" signature="()" line-rate="1" branch-rate="1" complexity="1">
              <lines>
                <line number="25" hits="22" branch="False" />
              </lines>
            </method>
            <method name="get_Group" signature="()" line-rate="1" branch-rate="1" complexity="1">
              <lines>
                <line number="26" hits="38" branch="False" />
              </lines>
            </method>
          </methods>
          <lines>
            <line number="16" hits="22" branch="False" />
            <line number="17" hits="45" branch="False" />
            <line number="18" hits="40" branch="False" />
            <line number="19" hits="26" branch="False" />
            <line number="20" hits="39" branch="False" />
            <line number="21" hits="39" branch="False" />
            <line number="22" hits="37" branch="False" />
            <line number="23" hits="25" branch="False" />
            <line number="24" hits="37" branch="False" />
            <line number="25" hits="22" branch="False" />
            <line number="26" hits="38" branch="False" />
          </lines>
        </class>
        <class name="YLproxy.Api.ProxyTestResult" filename="YLproxy.Api\ApiResponse.cs" line-rate="0" branch-rate="1" complexity="3">
          <methods>
            <method name="get_Success" signature="()" line-rate="0" branch-rate="1" complexity="1">
              <lines>
                <line number="31" hits="0" branch="False" />
              </lines>
            </method>
            <method name="get_LatencyMs" signature="()" line-rate="0" branch-rate="1" complexity="1">
              <lines>
                <line number="32" hits="0" branch="False" />
              </lines>
            </method>
            <method name="get_Error" signature="()" line-rate="0" branch-rate="1" complexity="1">
              <lines>
                <line number="33" hits="0" branch="False" />
              </lines>
            </method>
          </methods>
          <lines>
            <line number="31" hits="0" branch="False" />
            <line number="32" hits="0" branch="False" />
            <line number="33" hits="0" branch="False" />
          </lines>
        </class>
        <class name="YLproxy.Api.ApiServer" filename="YLproxy.Api\ApiServer.cs" line-rate="0.8461" branch-rate="1" complexity="4">
          <methods>
            <method name="get_Port" signature="()" line-rate="0" branch-rate="1" complexity="1">
              <lines>
                <line number="22" hits="0" branch="False" />
              </lines>
            </method>
            <method name="get_IsRunning" signature="()" line-rate="0" branch-rate="1" complexity="1">
              <lines>
                <line number="23" hits="0" branch="False" />
              </lines>
            </method>
            <method name="&lt;StartAsync&gt;b__14_0" signature="(Microsoft.AspNetCore.Server.Kestrel.Core.KestrelServerOptions)" line-rate="1" branch-rate="1" complexity="1">
              <lines>
                <line number="48" hits="10" branch="False" />
                <line number="49" hits="10" branch="False" />
                <line number="50" hits="20" branch="False" />
              </lines>
            </method>
            <method name=".ctor" signature="(System.String,YLproxy.Infrastructure.ProxyConfig,System.Int32,System.String,System.Boolean)" line-rate="1" branch-rate="1" complexity="1">
              <lines>
                <line number="25" hits="10" branch="False" />
                <line number="27" hits="10" branch="False" />
                <line number="28" hits="10" branch="False" />
                <line number="29" hits="10" branch="False" />
                <line number="30" hits="10" branch="False" />
                <line number="31" hits="10" branch="False" />
                <line number="32" hits="10" branch="False" />
                <line number="33" hits="10" branch="False" />
              </lines>
            </method>
          </methods>
          <lines>
            <line number="22" hits="0" branch="False" />
            <line number="23" hits="0" branch="False" />
            <line number="48" hits="10" branch="False" />
            <line number="49" hits="10" branch="False" />
            <line number="50" hits="20" branch="False" />
            <line number="25" hits="10" branch="False" />
            <line number="27" hits="10" branch="False" />
            <line number="28" hits="10" branch="False" />
            <line number="29" hits="10" branch="False" />
            <line number="30" hits="10" branch="False" />
            <line number="31" hits="10" branch="False" />
            <line number="32" hits="10" branch="False" />
            <line number="33" hits="10" branch="False" />
          </lines>
        </class>
        <class name="YLproxy.Api.ApiServer/&lt;&gt;c" filename="YLproxy.Api\ApiServer.cs" line-rate="0" branch-rate="1" complexity="3">
          <methods>
            <method name="&lt;StartAsync&gt;b__14_1" signature="(Swashbuckle.AspNetCore.SwaggerGen.SwaggerGenOptions)" line-rate="0" branch-rate="1" complexity="1">
              <lines>
                <line number="59" hits="0" branch="False" />
                <line number="60" hits="0" branch="False" />
                <line number="61" hits="0" branch="False" />
                <line number="62" hits="0" branch="False" />
                <line number="63" hits="0" branch="False" />
                <line number="64" hits="0" branch="False" />
                <line number="66" hits="0" branch="False" />
                <line number="67" hits="0" branch="False" />
                <line number="68" hits="0" branch="False" />
                <line number="69" hits="0" branch="False" />
                <line number="70" hits="0" branch="False" />
                <line number="71" hits="0" branch="False" />
                <line number="72" hits="0" branch="False" />
                <line number="73" hits="0" branch="False" />
                <line number="74" hits="0" branch="False" />
                <line number="76" hits="0" branch="False" />
                <line number="77" hits="0" branch="False" />
                <line number="78" hits="0" branch="False" />
                <line number="79" hits="0" branch="False" />
                <line number="80" hits="0" branch="False" />
                <line number="81" hits="0" branch="False" />
                <line number="82" hits="0" branch="False" />
                <line number="83" hits="0" branch="False" />
                <line number="84" hits="0" branch="False" />
                <line number="85" hits="0" branch="False" />
                <line number="86" hits="0" branch="False" />
              </lines>
            </method>
            <method name="&lt;StartAsync&gt;b__14_2" signature="(Swashbuckle.AspNetCore.Swagger.SwaggerOptions)" line-rate="0" branch-rate="1" complexity="1">
              <lines>
                <line number="95" hits="0" branch="False" />
                <line number="96" hits="0" branch="False" />
              </lines>
            </method>
            <method name="&lt;StartAsync&gt;b__14_3" signature="(Swashbuckle.AspNetCore.SwaggerUI.SwaggerUIOptions)" line-rate="0" branch-rate="1" complexity="1">
              <lines>
                <line number="99" hits="0" branch="False" />
                <line number="100" hits="0" branch="False" />
                <line number="101" hits="0" branch="False" />
              </lines>
            </method>
          </methods>
          <lines>
            <line number="59" hits="0" branch="False" />
            <line number="60" hits="0" branch="False" />
            <line number="61" hits="0" branch="False" />
            <line number="62" hits="0" branch="False" />
            <line number="63" hits="0" branch="False" />
            <line number="64" hits="0" branch="False" />
            <line number="66" hits="0" branch="False" />
            <line number="67" hits="0" branch="False" />
            <line number="68" hits="0" branch="False" />
            <line number="69" hits="0" branch="False" />
            <line number="70" hits="0" branch="False" />
            <line number="71" hits="0" branch="False" />
            <line number="72" hits="0" branch="False" />
            <line number="73" hits="0" branch="False" />
            <line number="74" hits="0" branch="False" />
            <line number="76" hits="0" branch="False" />
            <line number="77" hits="0" branch="False" />
            <line number="78" hits="0" branch="False" />
            <line number="79" hits="0" branch="False" />
            <line number="80" hits="0" branch="False" />
            <line number="81" hits="0" branch="False" />
            <line number="82" hits="0" branch="False" />
            <line number="83" hits="0" branch="False" />
            <line number="84" hits="0" branch="False" />
            <line number="85" hits="0" branch="False" />
            <line number="86" hits="0" branch="False" />
            <line number="95" hits="0" branch="False" />
            <line number="96" hits="0" branch="False" />
            <line number="99" hits="0" branch="False" />
            <line number="100" hits="0" branch="False" />
            <line number="101" hits="0" branch="False" />
          </lines>
        </class>
        <class name="YLproxy.Api.ApiServer/&lt;StartAsync&gt;d__14" filename="YLproxy.Api\ApiServer.cs" line-rate="0.5925" branch-rate="0.5" complexity="6">
          <methods>
            <method name="MoveNext" signature="()" line-rate="0.5925" branch-rate="0.5" complexity="6">
              <lines>
                <line number="37" hits="10" branch="True" condition-coverage="50% (1/2)">
                  <conditions>
                    <condition number="26" type="jump" coverage="50%" />
                  </conditions>
                </line>
                <line number="39" hits="0" branch="False" />
                <line number="40" hits="0" branch="False" />
                <line number="43" hits="10" branch="False" />
                <line number="45" hits="10" branch="False" />
                <line number="46" hits="10" branch="False" />
                <line number="47" hits="10" branch="False" />
                <line number="52" hits="10" branch="False" />
                <line number="54" hits="10" branch="True" condition-coverage="50% (1/2)">
                  <conditions>
                    <condition number="144" type="jump" coverage="50%" />
                  </conditions>
                </line>
                <line number="56" hits="0" branch="False" />
                <line number="57" hits="0" branch="False" />
                <line number="58" hits="0" branch="False" />
                <line number="65" hits="0" branch="False" />
                <line number="75" hits="0" branch="False" />
                <line number="89" hits="10" branch="False" />
                <line number="91" hits="10" branch="True" condition-coverage="50% (1/2)">
                  <conditions>
                    <condition number="219" type="jump" coverage="50%" />
                  </conditions>
                </line>
                <line number="93" hits="0" branch="False" />
                <line number="94" hits="0" branch="False" />
                <line number="97" hits="0" branch="False" />
                <line number="98" hits="0" branch="False" />
                <line number="104" hits="10" branch="False" />
                <line number="105" hits="10" branch="False" />
                <line number="107" hits="10" branch="False" />
                <line number="109" hits="10" branch="False" />
                <line number="110" hits="10" branch="False" />
                <line number="112" hits="10" branch="False" />
                <line number="113" hits="10" branch="False" />
              </lines>
            </method>
          </methods>
          <lines>
            <line number="37" hits="10" branch="True" condition-coverage="50% (1/2)">
              <conditions>
                <condition number="26" type="jump" coverage="50%" />
              </conditions>
            </line>
            <line number="39" hits="0" branch="False" />
            <line number="40" hits="0" branch="False" />
            <line number="43" hits="10" branch="False" />
            <line number="45" hits="10" branch="False" />
            <line number="46" hits="10" branch="False" />
            <line number="47" hits="10" branch="False" />
            <line number="52" hits="10" branch="False" />
            <line number="54" hits="10" branch="True" condition-coverage="50% (1/2)">
              <conditions>
                <condition number="144" type="jump" coverage="50%" />
              </conditions>
            </line>
            <line number="56" hits="0" branch="False" />
            <line number="57" hits="0" branch="False" />
            <line number="58" hits="0" branch="False" />
            <line number="65" hits="0" branch="False" />
            <line number="75" hits="0" branch="False" />
            <line number="89" hits="10" branch="False" />
            <line number="91" hits="10" branch="True" condition-coverage="50% (1/2)">
              <conditions>
                <condition number="219" type="jump" coverage="50%" />
              </conditions>
            </line>
            <line number="93" hits="0" branch="False" />
            <line number="94" hits="0" branch="False" />
            <line number="97" hits="0" branch="False" />
            <line number="98" hits="0" branch="False" />
            <line number="104" hits="10" branch="False" />
            <line number="105" hits="10" branch="False" />
            <line number="107" hits="10" branch="False" />
            <line number="109" hits="10" branch="False" />
            <line number="110" hits="10" branch="False" />
            <line number="112" hits="10" branch="False" />
            <line number="113" hits="10" branch="False" />
          </lines>
        </class>
        <class name="YLproxy.Api.ApiServer/&lt;StopAsync&gt;d__15" filename="YLproxy.Api\ApiServer.cs" line-rate="1" branch-rate="0.625" complexity="8">
          <methods>
            <method name="MoveNext" signature="()" line-rate="1" branch-rate="0.625" complexity="8">
              <lines>
                <line number="117" hits="10" branch="True" condition-coverage="50% (1/2)">
                  <conditions>
                    <condition number="38" type="jump" coverage="50%" />
                  </conditions>
                </line>
                <line number="119" hits="10" branch="False" />
                <line number="121" hits="10" branch="True" condition-coverage="50% (1/2)">
                  <conditions>
                    <condition number="68" type="jump" coverage="50%" />
                  </conditions>
                </line>
                <line number="123" hits="10" branch="True" condition-coverage="100% (2/2)">
                  <conditions>
                    <condition number="84" type="jump" coverage="100%" />
                  </conditions>
                </line>
                <line number="125" hits="10" branch="False" />
                <line number="126" hits="10" branch="False" />
                <line number="127" hits="10" branch="False" />
                <line number="130" hits="20" branch="True" condition-coverage="50% (1/2)">
                  <conditions>
                    <condition number="316" type="jump" coverage="50%" />
                  </conditions>
                </line>
                <line number="132" hits="10" branch="False" />
                <line number="133" hits="10" branch="False" />
              </lines>
            </method>
          </methods>
          <lines>
            <line number="117" hits="10" branch="True" condition-coverage="50% (1/2)">
              <conditions>
                <condition number="38" type="jump" coverage="50%" />
              </conditions>
            </line>
            <line number="119" hits="10" branch="False" />
            <line number="121" hits="10" branch="True" condition-coverage="50% (1/2)">
              <conditions>
                <condition number="68" type="jump" coverage="50%" />
              </conditions>
            </line>
            <line number="123" hits="10" branch="True" condition-coverage="100% (2/2)">
              <conditions>
                <condition number="84" type="jump" coverage="100%" />
              </conditions>
            </line>
            <line number="125" hits="10" branch="False" />
            <line number="126" hits="10" branch="False" />
            <line number="127" hits="10" branch="False" />
            <line number="130" hits="20" branch="True" condition-coverage="50% (1/2)">
              <conditions>
                <condition number="316" type="jump" coverage="50%" />
              </conditions>
            </line>
            <line number="132" hits="10" branch="False" />
            <line number="133" hits="10" branch="False" />
          </lines>
        </class>
      </classes>
    </package>
    <package name="YLproxy.Core" line-rate="0.4752" branch-rate="0.3576" complexity="311">
      <classes>
        <class name="YLproxy.Core.AutoStartService" filename="YLproxy.Core\AutoStartService.cs" line-rate="0" branch-rate="0" complexity="12">
          <methods>
            <method name="IsAutoStartEnabled" signature="()" line-rate="0" branch-rate="0" complexity="2">
              <lines>
                <line number="17" hits="0" branch="False" />
                <line number="18" hits="0" branch="True" condition-coverage="0% (0/2)">
                  <conditions>
                    <condition number="18" type="jump" coverage="0%" />
                  </conditions>
                </line>
                <line number="20" hits="0" branch="False" />
                <line number="22" hits="0" branch="False" />
                <line number="24" hits="0" branch="False" />
              </lines>
            </method>
            <method name="SetAutoStart" signature="(System.Boolean)" line-rate="0" branch-rate="0" complexity="10">
              <lines>
                <line number="30" hits="0" branch="False" />
                <line number="31" hits="0" branch="True" condition-coverage="0% (0/2)">
                  <conditions>
                    <condition number="18" type="jump" coverage="0%" />
                  </conditions>
                </line>
                <line number="33" hits="0" branch="True" condition-coverage="0% (0/2)">
                  <conditions>
                    <condition number="23" type="jump" coverage="0%" />
                  </conditions>
                </line>
                <line number="35" hits="0" branch="True" condition-coverage="0% (0/4)">
                  <conditions>
                    <condition number="31" type="jump" coverage="0%" />
                    <condition number="40" type="jump" coverage="0%" />
                  </conditions>
                </line>
                <line number="36" hits="0" branch="True" condition-coverage="0% (0/2)">
                  <conditions>
                    <condition number="58" type="jump" coverage="0%" />
                  </conditions>
                </line>
                <line number="37" hits="0" branch="False" />
                <line number="41" hits="0" branch="False" />
                <line number="43" hits="0" branch="False" />
                <line number="44" hits="0" branch="False" />
                <line number="47" hits="0" branch="False" />
                <line number="48" hits="0" branch="False" />
              </lines>
            </method>
          </methods>
          <lines>
            <line number="17" hits="0" branch="False" />
            <line number="18" hits="0" branch="True" condition-coverage="0% (0/2)">
              <conditions>
                <condition number="18" type="jump" coverage="0%" />
              </conditions>
            </line>
            <line number="20" hits="0" branch="False" />
            <line number="22" hits="0" branch="False" />
            <line number="24" hits="0" branch="False" />
            <line number="30" hits="0" branch="False" />
            <line number="31" hits="0" branch="True" condition-coverage="0% (0/2)">
              <conditions>
                <condition number="18" type="jump" coverage="0%" />
              </conditions>
            </line>
            <line number="33" hits="0" branch="True" condition-coverage="0% (0/2)">
              <conditions>
                <condition number="23" type="jump" coverage="0%" />
              </conditions>
            </line>
            <line number="35" hits="0" branch="True" condition-coverage="0% (0/4)">
              <conditions>
                <condition number="31" type="jump" coverage="0%" />
                <condition number="40" type="jump" coverage="0%" />
              </conditions>
            </line>
            <line number="36" hits="0" branch="True" condition-coverage="0% (0/2)">
              <conditions>
                <condition number="58" type="jump" coverage="0%" />
              </conditions>
            </line>
            <line number="37" hits="0" branch="False" />
            <line number="41" hits="0" branch="False" />
            <line number="43" hits="0" branch="False" />
            <line number="44" hits="0" branch="False" />
            <line number="47" hits="0" branch="False" />
            <line number="48" hits="0" branch="False" />
          </lines>
        </class>
        <class name="YLproxy.Core.MonitorService" filename="YLproxy.Core\MonitorService.cs" line-rate="0.4227" branch-rate="0.3382" complexity="70">
          <methods>
            <method name="MonitorTick" signature="(System.Object)" line-rate="0.6333" branch-rate="0.5" complexity="20">
              <lines>
                <line number="87" hits="8" branch="False" />
                <line number="88" hits="8" branch="False" />
                <line number="89" hits="0" branch="False" />
                <line number="91" hits="0" branch="True" condition-coverage="0% (0/2)">
                  <conditions>
                    <condition number="22" type="jump" coverage="0%" />
                  </conditions>
                </line>
                <line number="92" hits="0" branch="False" />
                <line number="95" hits="8" branch="True" condition-coverage="50% (2/4)">
                  <conditions>
                    <condition number="54" type="jump" coverage="50%" />
                    <condition number="62" type="jump" coverage="50%" />
                  </conditions>
                </line>
                <line number="96" hits="0" branch="False" />
                <line number="98" hits="8" branch="False" />
                <line number="100" hits="32" branch="True" condition-coverage="100% (2/2)">
                  <conditions>
                    <condition number="405" type="jump" coverage="100%" />
                  </conditions>
                </line>
                <line number="102" hits="8" branch="True" condition-coverage="100% (2/2)">
                  <conditions>
                    <condition number="99" type="jump" coverage="100%" />
                  </conditions>
                </line>
                <line number="105" hits="1" branch="False" />
                <line number="108" hits="1" branch="False" />
                <line number="109" hits="1" branch="False" />
                <line number="110" hits="0" branch="False" />
                <line number="112" hits="0" branch="True" condition-coverage="0% (0/2)">
                  <conditions>
                    <condition number="133" type="jump" coverage="0%" />
                  </conditions>
                </line>
                <line number="113" hits="0" branch="False" />
                <line number="116" hits="1" branch="True" condition-coverage="50% (1/2)">
                  <conditions>
                    <condition number="219" type="jump" coverage="50%" />
                  </conditions>
                </line>
                <line number="118" hits="1" branch="False" />
                <line number="119" hits="1" branch="False" />
                <line number="120" hits="1" branch="False" />
                <line number="123" hits="1" branch="False" />
                <line number="128" hits="0" branch="False" />
                <line number="132" hits="8" branch="True" condition-coverage="100% (2/2)">
                  <conditions>
                    <condition number="423" type="jump" coverage="100%" />
                  </conditions>
                </line>
                <line number="134" hits="1" branch="True" condition-coverage="50% (1/2)">
                  <conditions>
                    <condition number="432" type="jump" coverage="50%" />
                  </conditions>
                </line>
                <line number="135" hits="1" branch="False" />
                <line number="137" hits="8" branch="False" />
                <line number="138" hits="0" branch="False" />
                <line number="140" hits="0" branch="True" condition-coverage="0% (0/2)">
                  <conditions>
                    <condition number="464" type="jump" coverage="0%" />
                  </conditions>
                </line>
                <line number="141" hits="0" branch="False" />
                <line number="142" hits="8" branch="False" />
              </lines>
            </method>
            <method name="CheckHealth" signature="(YLproxy.Models.ProxyItem)" line-rate="0" branch-rate="0" complexity="12">
              <lines>
                <line number="150" hits="0" branch="True" condition-coverage="0% (0/2)">
                  <conditions>
                    <condition number="19" type="jump" coverage="0%" />
                  </conditions>
                </line>
                <line number="152" hits="0" branch="True" condition-coverage="0% (0/2)">
                  <conditions>
                    <condition number="48" type="jump" coverage="0%" />
                  </conditions>
                </line>
                <line number="153" hits="0" branch="False" />
                <line number="157" hits="0" branch="False" />
                <line number="158" hits="0" branch="True" condition-coverage="0% (0/2)">
                  <conditions>
                    <condition number="66" type="jump" coverage="0%" />
                  </conditions>
                </line>
                <line number="161" hits="0" branch="False" />
                <line number="162" hits="0" branch="False" />
                <line number="163" hits="0" branch="False" />
                <line number="165" hits="0" branch="True" condition-coverage="0% (0/2)">
                  <conditions>
                    <condition number="138" type="jump" coverage="0%" />
                  </conditions>
                </line>
                <line number="166" hits="0" branch="False" />
                <line number="167" hits="0" branch="False" />
                <line number="168" hits="0" branch="True" condition-coverage="0% (0/2)">
                  <conditions>
                    <condition number="333" type="jump" coverage="0%" />
                  </conditions>
                </line>
                <line number="169" hits="0" branch="False" />
                <line number="171" hits="0" branch="False" />
                <line number="176" hits="0" branch="False" />
                <line number="177" hits="0" branch="False" />
                <line number="178" hits="0" branch="False" />
                <line number="180" hits="0" branch="False" />
                <line number="181" hits="0" branch="False" />
                <line number="183" hits="0" branch="True" condition-coverage="0% (0/2)">
                  <conditions>
                    <condition number="433" type="jump" coverage="0%" />
                  </conditions>
                </line>
                <line number="184" hits="0" branch="False" />
                <line number="185" hits="0" branch="False" />
              </lines>
            </method>
            <method name="TryAutoRestart" signature="(YLproxy.Models.ProxyItem)" line-rate="0.07400000000000001" branch-rate="0.0625" complexity="16">
              <lines>
                <line number="189" hits="1" branch="True" condition-coverage="50% (1/2)">
                  <conditions>
                    <condition number="12" type="jump" coverage="50%" />
                  </conditions>
                </line>
                <line number="190" hits="1" branch="False" />
                <line number="192" hits="0" branch="False" />
                <line number="193" hits="0" branch="False" />
                <line number="194" hits="0" branch="False" />
                <line number="195" hits="0" branch="False" />
                <line number="198" hits="0" branch="True" condition-coverage="0% (0/2)">
                  <conditions>
                    <condition number="75" type="jump" coverage="0%" />
                  </conditions>
                </line>
                <line number="200" hits="0" branch="False" />
                <line number="201" hits="0" branch="False" />
                <line number="203" hits="0" branch="True" condition-coverage="0% (0/4)">
                  <conditions>
                    <condition number="137" type="jump" coverage="0%" />
                    <condition number="146" type="jump" coverage="0%" />
                  </conditions>
                </line>
                <line number="205" hits="0" branch="True" condition-coverage="0% (0/2)">
                  <conditions>
                    <condition number="155" type="jump" coverage="0%" />
                  </conditions>
                </line>
                <line number="206" hits="0" branch="False" />
                <line number="210" hits="0" branch="True" condition-coverage="0% (0/2)">
                  <conditions>
                    <condition number="262" type="jump" coverage="0%" />
                  </conditions>
                </line>
                <line number="212" hits="0" branch="True" condition-coverage="0% (0/2)">
                  <conditions>
                    <condition number="274" type="jump" coverage="0%" />
                  </conditions>
                </line>
                <line number="213" hits="0" branch="False" />
                <line number="214" hits="0" branch="False" />
                <line number="219" hits="0" branch="False" />
                <line number="220" hits="0" branch="False" />
                <line number="221" hits="0" branch="False" />
                <line number="222" hits="0" branch="False" />
                <line number="223" hits="0" branch="False" />
                <line number="224" hits="0" branch="False" />
                <line number="226" hits="0" branch="True" condition-coverage="0% (0/2)">
                  <conditions>
                    <condition number="672" type="jump" coverage="0%" />
                  </conditions>
                </line>
                <line number="227" hits="0" branch="False" />
                <line number="228" hits="0" branch="False" />
                <line number="229" hits="0" branch="False" />
                <line number="230" hits="0" branch="False" />
              </lines>
            </method>
            <method name="IsPortConnectable" signature="(System.Int32)" line-rate="0" branch-rate="1" complexity="1">
              <lines>
                <line number="236" hits="0" branch="False" />
                <line number="237" hits="0" branch="False" />
                <line number="238" hits="0" branch="False" />
                <line number="239" hits="0" branch="False" />
                <line number="240" hits="0" branch="False" />
                <line number="241" hits="0" branch="False" />
                <line number="242" hits="0" branch="False" />
                <line number="244" hits="0" branch="False" />
                <line number="246" hits="0" branch="False" />
                <line number="248" hits="0" branch="False" />
              </lines>
            </method>
            <method name="ResetBackoff" signature="(System.Int32)" line-rate="0" branch-rate="1" complexity="1">
              <lines>
                <line number="255" hits="0" branch="False" />
                <line number="256" hits="0" branch="False" />
              </lines>
            </method>
            <method name="Dispose" signature="()" line-rate="1" branch-rate="0.75" complexity="4">
              <lines>
                <line number="260" hits="1" branch="True" condition-coverage="100% (2/2)">
                  <conditions>
                    <condition number="6" type="jump" coverage="100%" />
                  </conditions>
                </line>
                <line number="262" hits="1" branch="False" />
                <line number="263" hits="1" branch="True" condition-coverage="50% (1/2)">
                  <conditions>
                    <condition number="22" type="jump" coverage="50%" />
                  </conditions>
                </line>
                <line number="265" hits="1" branch="False" />
              </lines>
            </method>
[...]
                  </conditions>
                </line>
                <line number="161" hits="3" branch="False" />
                <line number="163" hits="3" branch="False" />
                <line number="165" hits="3" branch="False" />
                <line number="166" hits="3" branch="True" condition-coverage="100% (2/2)">
                  <conditions>
                    <condition number="1029" type="jump" coverage="100%" />
                  </conditions>
                </line>
                <line number="169" hits="1" branch="False" />
                <line number="170" hits="1" branch="False" />
                <line number="171" hits="1" branch="False" />
                <line number="172" hits="1" branch="False" />
                <line number="173" hits="1" branch="False" />
                <line number="174" hits="1" branch="False" />
                <line number="177" hits="3" branch="False" />
                <line number="178" hits="3" branch="True" condition-coverage="100% (4/4)">
                  <conditions>
                    <condition number="1516" type="jump" coverage="100%" />
                    <condition number="1705" type="jump" coverage="100%" />
                  </conditions>
                </line>
                <line number="179" hits="3" branch="False" />
                <line number="180" hits="0" branch="False" />
                <line number="183" hits="0" branch="False" />
                <line number="184" hits="3" branch="False" />
                <line number="185" hits="4" branch="False" />
              </lines>
            </method>
          </methods>
          <lines>
            <line number="98" hits="4" branch="True" condition-coverage="50% (1/2)">
              <conditions>
                <condition number="24" type="jump" coverage="50%" />
              </conditions>
            </line>
            <line number="100" hits="0" branch="False" />
            <line number="103" hits="4" branch="False" />
            <line number="107" hits="4" branch="False" />
            <line number="108" hits="4" branch="False" />
            <line number="110" hits="4" branch="True" condition-coverage="100% (2/2)">
              <conditions>
                <condition number="274" type="jump" coverage="100%" />
              </conditions>
            </line>
            <line number="111" hits="4" branch="False" />
            <line number="113" hits="4" branch="False" />
            <line number="115" hits="4" branch="False" />
            <line number="116" hits="4" branch="False" />
            <line number="118" hits="5" branch="True" condition-coverage="100% (2/2)">
              <conditions>
                <condition number="618" type="jump" coverage="100%" />
              </conditions>
            </line>
            <line number="120" hits="5" branch="False" />
            <line number="121" hits="5" branch="True" condition-coverage="100% (2/2)">
              <conditions>
                <condition number="530" type="jump" coverage="100%" />
              </conditions>
            </line>
            <line number="126" hits="4" branch="False" />
            <line number="128" hits="4" branch="False" />
            <line number="129" hits="4" branch="False" />
            <line number="130" hits="4" branch="True" condition-coverage="100% (2/2)">
              <conditions>
                <condition number="595" type="jump" coverage="100%" />
              </conditions>
            </line>
            <line number="135" hits="1" branch="True" condition-coverage="100% (2/2)">
              <conditions>
                <condition number="609" type="jump" coverage="100%" />
              </conditions>
            </line>
            <line number="141" hits="4" branch="False" />
            <line number="142" hits="4" branch="True" condition-coverage="100% (2/2)">
              <conditions>
                <condition number="642" type="jump" coverage="100%" />
              </conditions>
            </line>
            <line number="147" hits="3" branch="True" condition-coverage="50% (1/2)">
              <conditions>
                <condition number="654" type="jump" coverage="50%" />
              </conditions>
            </line>
            <line number="149" hits="0" branch="False" />
            <line number="150" hits="0" branch="False" />
            <line number="151" hits="0" branch="False" />
            <line number="154" hits="3" branch="False" />
            <line number="156" hits="3" branch="False" />
            <line number="158" hits="3" branch="False" />
            <line number="159" hits="3" branch="True" condition-coverage="100% (2/2)">
              <conditions>
                <condition number="861" type="jump" coverage="100%" />
              </conditions>
            </line>
            <line number="161" hits="3" branch="False" />
            <line number="163" hits="3" branch="False" />
            <line number="165" hits="3" branch="False" />
            <line number="166" hits="3" branch="True" condition-coverage="100% (2/2)">
              <conditions>
                <condition number="1029" type="jump" coverage="100%" />
              </conditions>
            </line>
            <line number="169" hits="1" branch="False" />
            <line number="170" hits="1" branch="False" />
            <line number="171" hits="1" branch="False" />
            <line number="172" hits="1" branch="False" />
            <line number="173" hits="1" branch="False" />
            <line number="174" hits="1" branch="False" />
            <line number="177" hits="3" branch="False" />
            <line number="178" hits="3" branch="True" condition-coverage="100% (4/4)">
              <conditions>
                <condition number="1516" type="jump" coverage="100%" />
                <condition number="1705" type="jump" coverage="100%" />
              </conditions>
            </line>
            <line number="179" hits="3" branch="False" />
            <line number="180" hits="0" branch="False" />
            <line number="183" hits="0" branch="False" />
            <line number="184" hits="3" branch="False" />
            <line number="185" hits="4" branch="False" />
          </lines>
        </class>
      </classes>
    </package>
    <package name="YLproxy.Utils" line-rate="0.3829" branch-rate="0.1666" complexity="38">
      <classes>
        <class name="YLproxy.Utils.NetworkUtil" filename="YLproxy.Utils\NetworkUtil.cs" line-rate="0" branch-rate="0" complexity="6">
          <methods>
            <method name="GetBestLocalIp" signature="()" line-rate="0" branch-rate="0" complexity="6">
              <lines>
                <line number="15" hits="0" branch="True" condition-coverage="0% (0/2)">
                  <conditions>
                    <condition number="58" type="jump" coverage="0%" />
                  </conditions>
                </line>
                <line number="17" hits="0" branch="True" condition-coverage="0% (0/4)">
                  <conditions>
                    <condition number="31" type="jump" coverage="0%" />
                    <condition number="39" type="jump" coverage="0%" />
                  </conditions>
                </line>
                <line number="18" hits="0" branch="False" />
                <line number="20" hits="0" branch="False" />
                <line number="21" hits="0" branch="False" />
                <line number="24" hits="0" branch="False" />
                <line number="26" hits="0" branch="False" />
                <line number="27" hits="0" branch="False" />
              </lines>
            </method>
          </methods>
          <lines>
            <line number="15" hits="0" branch="True" condition-coverage="0% (0/2)">
              <conditions>
                <condition number="58" type="jump" coverage="0%" />
              </conditions>
            </line>
            <line number="17" hits="0" branch="True" condition-coverage="0% (0/4)">
              <conditions>
                <condition number="31" type="jump" coverage="0%" />
                <condition number="39" type="jump" coverage="0%" />
              </conditions>
            </line>
            <line number="18" hits="0" branch="False" />
            <line number="20" hits="0" branch="False" />
            <line number="21" hits="0" branch="False" />
            <line number="24" hits="0" branch="False" />
            <line number="26" hits="0" branch="False" />
            <line number="27" hits="0" branch="False" />
          </lines>
        </class>
        <class name="YLproxy.Utils.PathResolver" filename="YLproxy.Utils\PathResolver.cs" line-rate="0.7058" branch-rate="0.35710000000000003" complexity="16">
          <methods>
            <method name="GetRepositoryRoot" signature="()" line-rate="0.6153" branch-rate="0.35710000000000003" complexity="14">
              <lines>
                <line number="10" hits="40" branch="False" />
                <line number="11" hits="40" branch="True" condition-coverage="50% (1/2)">
                  <conditions>
                    <condition number="27" type="jump" coverage="50%" />
                  </conditions>
                </line>
                <line number="13" hits="40" branch="False" />
                <line number="14" hits="40" branch="True" condition-coverage="50% (1/2)">
                  <conditions>
                    <condition number="42" type="jump" coverage="50%" />
                  </conditions>
                </line>
                <line number="17" hits="440" branch="True" condition-coverage="50% (1/2)">
                  <conditions>
                    <condition number="87" type="jump" coverage="50%" />
                  </conditions>
                </line>
                <line number="19" hits="200" branch="True" condition-coverage="100% (2/2)">
                  <conditions>
                    <condition number="71" type="jump" coverage="100%" />
                  </conditions>
                </line>
                <line number="21" hits="40" branch="False" />
                <line number="28" hits="0" branch="True" condition-coverage="0% (0/2)">
                  <conditions>
                    <condition number="187" type="jump" coverage="0%" />
                  </conditions>
                </line>
                <line number="30" hits="0" branch="True" condition-coverage="0% (0/2)">
                  <conditions>
                    <condition number="165" type="jump" coverage="0%" />
                  </conditions>
                </line>
                <line number="32" hits="0" branch="True" condition-coverage="0% (0/2)">
                  <conditions>
                    <condition number="150" type="jump" coverage="0%" />
                  </conditions>
                </line>
                <line number="34" hits="0" branch="False" />
                <line number="39" hits="0" branch="False" />
                <line number="40" hits="40" branch="False" />
              </lines>
            </method>
            <method name="ResolvePath" signature="(System.String[])" line-rate="1" branch-rate="1" complexity="1">
              <lines>
                <line number="44" hits="38" branch="False" />
                <line number="46" hits="38" branch="False" />
                <line number="47" hits="38" branch="False" />
              </lines>
            </method>
            <method name="IsRepositoryRoot" signature="(System.String)" line-rate="1" branch-rate="1" complexity="1">
              <lines>
                <line number="100" hits="200" branch="False" />
              </lines>
            </method>
          </methods>
          <lines>
            <line number="10" hits="40" branch="False" />
            <line number="11" hits="40" branch="True" condition-coverage="50% (1/2)">
              <conditions>
                <condition number="27" type="jump" coverage="50%" />
              </conditions>
            </line>
            <line number="13" hits="40" branch="False" />
            <line number="14" hits="40" branch="True" condition-coverage="50% (1/2)">
              <conditions>
                <condition number="42" type="jump" coverage="50%" />
              </conditions>
            </line>
            <line number="17" hits="440" branch="True" condition-coverage="50% (1/2)">
              <conditions>
                <condition number="87" type="jump" coverage="50%" />
              </conditions>
            </line>
            <line number="19" hits="200" branch="True" condition-coverage="100% (2/2)">
              <conditions>
                <condition number="71" type="jump" coverage="100%" />
              </conditions>
            </line>
            <line number="21" hits="40" branch="False" />
            <line number="28" hits="0" branch="True" condition-coverage="0% (0/2)">
              <conditions>
                <condition number="187" type="jump" coverage="0%" />
              </conditions>
            </line>
            <line number="30" hits="0" branch="True" condition-coverage="0% (0/2)">
              <conditions>
                <condition number="165" type="jump" coverage="0%" />
              </conditions>
            </line>
            <line number="32" hits="0" branch="True" condition-coverage="0% (0/2)">
              <conditions>
                <condition number="150" type="jump" coverage="0%" />
              </conditions>
            </line>
            <line number="34" hits="0" branch="False" />
            <line number="39" hits="0" branch="False" />
            <line number="40" hits="40" branch="False" />
            <line number="44" hits="38" branch="False" />
            <line number="46" hits="38" branch="False" />
            <line number="47" hits="38" branch="False" />
            <line number="100" hits="200" branch="False" />
          </lines>
        </class>
        <class name="YLproxy.Utils.PathResolver/&lt;EnumerateAncestors&gt;d__3" filename="YLproxy.Utils\PathResolver.cs" line-rate="0.8571" branch-rate="0.5" complexity="2">
          <methods>
            <method name="MoveNext" signature="()" line-rate="0.8571" branch-rate="0.5" complexity="2">
              <lines>
                <line number="82" hits="40" branch="False" />
                <line number="84" hits="160" branch="False" />
                <line number="86" hits="200" branch="False" />
                <line number="88" hits="160" branch="False" />
                <line number="89" hits="160" branch="True" condition-coverage="50% (1/2)">
                  <conditions>
                    <condition number="81" type="jump" coverage="50%" />
                  </conditions>
                </line>
                <line number="94" hits="160" branch="False" />
                <line number="96" hits="0" branch="False" />
              </lines>
            </method>
          </methods>
          <lines>
            <line number="82" hits="40" branch="False" />
            <line number="84" hits="160" branch="False" />
            <line number="86" hits="200" branch="False" />
            <line number="88" hits="160" branch="False" />
            <line number="89" hits="160" branch="True" condition-coverage="50% (1/2)">
              <conditions>
                <condition number="81" type="jump" coverage="50%" />
              </conditions>
            </line>
            <line number="94" hits="160" branch="False" />
            <line number="96" hits="0" branch="False" />
          </lines>
        </class>
        <class name="YLproxy.Utils.PathResolver/&lt;GetSearchRoots&gt;d__2" filename="YLproxy.Utils\PathResolver.cs" line-rate="0" branch-rate="0" complexity="14">
          <methods>
            <method name="MoveNext" signature="()" line-rate="0" branch-rate="0" complexity="14">
              <lines>
                <line number="52" hits="0" branch="False" />
                <line number="54" hits="0" branch="True" condition-coverage="0% (0/4)">
                  <conditions>
                    <condition number="73" type="jump" coverage="0%" />
                    <condition number="234" type="jump" coverage="0%" />
                  </conditions>
                </line>
                <line number="55" hits="0" branch="False" />
                <line number="56" hits="0" branch="False" />
                <line number="57" hits="0" branch="False" />
                <line number="58" hits="0" branch="False" />
                <line number="59" hits="0" branch="False" />
                <line number="60" hits="0" branch="False" />
                <line number="62" hits="0" branch="True" condition-coverage="0% (0/2)">
                  <conditions>
                    <condition number="132" type="jump" coverage="0%" />
                  </conditions>
                </line>
                <line number="67" hits="0" branch="False" />
                <line number="68" hits="0" branch="True" condition-coverage="0% (0/2)">
                  <conditions>
                    <condition number="147" type="jump" coverage="0%" />
                  </conditions>
                </line>
                <line number="70" hits="0" branch="True" condition-coverage="0% (0/2)">
                  <conditions>
                    <condition number="156" type="jump" coverage="0%" />
                  </conditions>
                </line>
                <line number="73" hits="0" branch="True" condition-coverage="0% (0/4)">
                  <conditions>
                    <condition number="167" type="jump" coverage="0%" />
                    <condition number="181" type="jump" coverage="0%" />
                  </conditions>
                </line>
                <line number="75" hits="0" branch="False" />
                <line number="78" hits="0" branch="False" />
              </lines>
            </method>
          </methods>
          <lines>
            <line number="52" hits="0" branch="False" />
            <line number="54" hits="0" branch="True" condition-coverage="0% (0/4)">
              <conditions>
                <condition number="73" type="jump" coverage="0%" />
                <condition number="234" type="jump" coverage="0%" />
              </conditions>
            </line>
            <line number="55" hits="0" branch="False" />
            <line number="56" hits="0" branch="False" />
            <line number="57" hits="0" branch="False" />
            <line number="58" hits="0" branch="False" />
            <line number="59" hits="0" branch="False" />
            <line number="60" hits="0" branch="False" />
            <line number="62" hits="0" branch="True" condition-coverage="0% (0/2)">
              <conditions>
                <condition number="132" type="jump" coverage="0%" />
              </conditions>
            </line>
            <line number="67" hits="0" branch="False" />
            <line number="68" hits="0" branch="True" condition-coverage="0% (0/2)">
              <conditions>
                <condition number="147" type="jump" coverage="0%" />
              </conditions>
            </line>
            <line number="70" hits="0" branch="True" condition-coverage="0% (0/2)">
              <conditions>
                <condition number="156" type="jump" coverage="0%" />
              </conditions>
            </line>
            <line number="73" hits="0" branch="True" condition-coverage="0% (0/4)">
              <conditions>
                <condition number="167" type="jump" coverage="0%" />
                <condition number="181" type="jump" coverage="0%" />
              </conditions>
            </line>
            <line number="75" hits="0" branch="False" />
            <line number="78" hits="0" branch="False" />
          </lines>
        </class>
      </classes>
    </package>
  </packages>
</coverage>